{"uid":"54ab8c1e9ffa20f9","name":"authorizedUserShouldBeAbleCreateNewProject","fullName":"com.example.teamcity.ui.CreateNewProjectTest.authorizedUserShouldBeAbleCreateNewProject","historyId":"25a6c8820f7ded508950a9b5fd9f3a26","time":{"start":1750696808309,"stop":1750696855328,"duration":47019},"status":"failed","statusMessage":"Element not found {[class^='ubprojects__limitWidth--']}\nExpected: text \"test_zyvSAmJFXO\"\nScreenshot: file:/home/runner/work/Teamcity-Testing-Project/Teamcity-Testing-Project/target/surefire-reports/1750696855162.0.png\nPage source: file:/home/runner/work/Teamcity-Testing-Project/Teamcity-Testing-Project/target/surefire-reports/1750696855162.0.html\nTimeout: 10 s.\nCaused by: NoSuchElementException: Unable to locate element: [class^='ubprojects__limitWidth--']","statusTrace":"Element not found {[class^='ubprojects__limitWidth--']}\nExpected: text \"test_zyvSAmJFXO\"\nScreenshot: file:/home/runner/work/Teamcity-Testing-Project/Teamcity-Testing-Project/target/surefire-reports/1750696855162.0.png\nPage source: file:/home/runner/work/Teamcity-Testing-Project/Teamcity-Testing-Project/target/surefire-reports/1750696855162.0.html\nTimeout: 10 s.\nCaused by: NoSuchElementException: Unable to locate element: [class^='ubprojects__limitWidth--']\n\tat com.codeborne.selenide.impl.WebElementSource.createElementNotFoundError(WebElementSource.java:91)\n\tat com.codeborne.selenide.impl.ElementFinder.createElementNotFoundError(ElementFinder.java:142)\n\tat com.codeborne.selenide.impl.WebElementSource.handleError(WebElementSource.java:143)\n\tat com.codeborne.selenide.impl.WebElementSource.checkConditionAndReturnElement(WebElementSource.java:127)\n\tat com.codeborne.selenide.impl.WebElementSource.checkCondition(WebElementSource.java:104)\n\tat com.codeborne.selenide.commands.Should.execute(Should.java:30)\n\tat com.codeborne.selenide.commands.Should.execute(Should.java:14)\n\tat com.codeborne.selenide.commands.Commands.execute(Commands.java:161)\n\tat com.codeborne.selenide.impl.SelenideElementProxy.dispatchAndRetry(SelenideElementProxy.java:132)\n\tat com.codeborne.selenide.impl.SelenideElementProxy.invoke(SelenideElementProxy.java:84)\n\tat jdk.proxy2/jdk.proxy2.$Proxy42.shouldHave(Unknown Source)\n\tat com.example.teamcity.ui.CreateNewProjectTest.authorizedUserShouldBeAbleCreateNewProject(CreateNewProjectTest.java:24)\n\tat java.base/jdk.internal.reflect.NativeMethodAccessorImpl.invoke0(Native Method)\n\tat java.base/jdk.internal.reflect.NativeMethodAccessorImpl.invoke(NativeMethodAccessorImpl.java:77)\n\tat java.base/jdk.internal.reflect.DelegatingMethodAccessorImpl.invoke(DelegatingMethodAccessorImpl.java:43)\n\tat java.base/java.lang.reflect.Method.invoke(Method.java:569)\n\tat org.testng.internal.invokers.MethodInvocationHelper.invokeMethod(MethodInvocationHelper.java:139)\n\tat org.testng.internal.invokers.TestInvoker.invokeMethod(TestInvoker.java:677)\n\tat org.testng.internal.invokers.TestInvoker.invokeTestMethod(TestInvoker.java:221)\n\tat org.testng.internal.invokers.MethodRunner.runInSequence(MethodRunner.java:50)\n\tat org.testng.internal.invokers.TestInvoker$MethodInvocationAgent.invoke(TestInvoker.java:969)\n\tat org.testng.internal.invokers.TestInvoker.invokeTestMethods(TestInvoker.java:194)\n\tat org.testng.internal.invokers.TestMethodWorker.invokeTestMethods(TestMethodWorker.java:148)\n\tat org.testng.internal.invokers.TestMethodWorker.run(TestMethodWorker.java:128)\n\tat java.base/java.util.ArrayList.forEach(ArrayList.java:1511)\n\tat org.testng.TestRunner.privateRun(TestRunner.java:829)\n\tat org.testng.TestRunner.run(TestRunner.java:602)\n\tat org.testng.SuiteRunner.runTest(SuiteRunner.java:437)\n\tat org.testng.SuiteRunner.runSequentially(SuiteRunner.java:431)\n\tat org.testng.SuiteRunner.privateRun(SuiteRunner.java:391)\n\tat org.testng.SuiteRunner.run(SuiteRunner.java:330)\n\tat org.testng.SuiteRunnerWorker.runSuite(SuiteRunnerWorker.java:52)\n\tat org.testng.SuiteRunnerWorker.run(SuiteRunnerWorker.java:95)\n\tat org.testng.TestNG.runSuitesSequentially(TestNG.java:1256)\n\tat org.testng.TestNG.runSuitesLocally(TestNG.java:1176)\n\tat org.testng.TestNG.runSuites(TestNG.java:1099)\n\tat org.testng.TestNG.run(TestNG.java:1067)\n\tat org.apache.maven.surefire.testng.TestNGExecutor.run(TestNGExecutor.java:308)\n\tat org.apache.maven.surefire.testng.TestNGXmlTestSuite.execute(TestNGXmlTestSuite.java:71)\n\tat org.apache.maven.surefire.testng.TestNGProvider.invoke(TestNGProvider.java:113)\n\tat org.apache.maven.surefire.booter.ForkedBooter.runSuitesInProcess(ForkedBooter.java:385)\n\tat org.apache.maven.surefire.booter.ForkedBooter.execute(ForkedBooter.java:162)\n\tat org.apache.maven.surefire.booter.ForkedBooter.run(ForkedBooter.java:507)\n\tat org.apache.maven.surefire.booter.ForkedBooter.main(ForkedBooter.java:495)\nCaused by: org.openqa.selenium.NoSuchElementException: Unable to locate element: [class^='ubprojects__limitWidth--']\nFor documentation on this error, please visit: https://www.selenium.dev/documentation/webdriver/troubleshooting/errors#no-such-element-exception\nBuild info: version: '4.13.0', revision: 'ba948ece5b*'\nSystem info: os.name: 'Linux', os.arch: 'amd64', os.version: '6.11.0-1015-azure', java.version: '17.0.15'\nDriver info: org.openqa.selenium.remote.RemoteWebDriver\nCommand: [db3c53c1-191a-4eab-ba30-912b910db08c, findElement {using=css selector, value=[class^='ubprojects__limitWidth--']}]\nCapabilities {acceptInsecureCerts: true, browserName: firefox, browserVersion: 89.0, moz:accessibilityChecks: false, moz:buildID: 20210527174632, moz:debuggerAddress: localhost:36397, moz:geckodriverVersion: 0.29.1, moz:headless: false, moz:processID: 90, moz:profile: /tmp/rust_mozprofilep6O1vt, moz:shutdownTimeout: 60000, moz:useNonSpecCompliantPointerOrigin: false, moz:webdriverClick: true, pageLoadStrategy: normal, platformName: linux, platformVersion: 6.11.0-1015-azure, se:cdp: ws://172.17.0.1:4444/devtoo..., se:cdpVersion: 89.0, setWindowRect: true, strictFileInteractability: false, timeouts: {implicit: 0, pageLoad: 300000, script: 30000}, unhandledPromptBehavior: accept}\nSession ID: db3c53c1-191a-4eab-ba30-912b910db08c\n\tat jdk.internal.reflect.GeneratedConstructorAccessor18.newInstance(Unknown Source)\n\tat java.base/jdk.internal.reflect.DelegatingConstructorAccessorImpl.newInstance(DelegatingConstructorAccessorImpl.java:45)\n\tat java.base/java.lang.reflect.Constructor.newInstanceWithCaller(Constructor.java:500)\n\tat java.base/java.lang.reflect.Constructor.newInstance(Constructor.java:481)\n\tat org.openqa.selenium.remote.codec.w3c.W3CHttpResponseCodec.createException(W3CHttpResponseCodec.java:200)\n\tat org.openqa.selenium.remote.codec.w3c.W3CHttpResponseCodec.decode(W3CHttpResponseCodec.java:133)\n\tat org.openqa.selenium.remote.codec.w3c.W3CHttpResponseCodec.decode(W3CHttpResponseCodec.java:52)\n\tat org.openqa.selenium.remote.HttpCommandExecutor.execute(HttpCommandExecutor.java:191)\n\tat org.openqa.selenium.remote.RemoteWebDriver.execute(RemoteWebDriver.java:602)\n\tat org.openqa.selenium.remote.ElementLocation$ElementFinder$2.findElement(ElementLocation.java:165)\n\tat org.openqa.selenium.remote.ElementLocation.findElement(ElementLocation.java:59)\n\tat org.openqa.selenium.remote.RemoteWebDriver.findElement(RemoteWebDriver.java:359)\n\tat org.openqa.selenium.remote.RemoteWebDriver.findElement(RemoteWebDriver.java:353)\n\tat com.codeborne.selenide.impl.WebElementSelector.findElement(WebElementSelector.java:70)\n\tat com.codeborne.selenide.impl.WebElementSelector.findElement(WebElementSelector.java:44)\n\tat com.codeborne.selenide.impl.WebElementSelector.findElement(WebElementSelector.java:33)\n\tat com.codeborne.selenide.impl.ElementFinder.getWebElement(ElementFinder.java:122)\n\tat com.codeborne.selenide.impl.WebElementSource.checkConditionAndReturnElement(WebElementSource.java:116)\n\t... 40 more\n","flaky":false,"newFailed":false,"newBroken":false,"newPassed":false,"retriesCount":0,"retriesStatusChange":false,"beforeStages":[{"name":"beforeTest","time":{"start":1750696807543,"stop":1750696808114,"duration":571},"description":"","status":"passed","steps":[],"attachments":[],"parameters":[],"shouldDisplayMessage":false,"stepsCount":0,"attachmentsCount":0,"hasContent":false}],"testStage":{"status":"failed","statusMessage":"Element not found {[class^='ubprojects__limitWidth--']}\nExpected: text \"test_zyvSAmJFXO\"\nScreenshot: file:/home/runner/work/Teamcity-Testing-Project/Teamcity-Testing-Project/target/surefire-reports/1750696855162.0.png\nPage source: file:/home/runner/work/Teamcity-Testing-Project/Teamcity-Testing-Project/target/surefire-reports/1750696855162.0.html\nTimeout: 10 s.\nCaused by: NoSuchElementException: Unable to locate element: [class^='ubprojects__limitWidth--']","statusTrace":"Element not found {[class^='ubprojects__limitWidth--']}\nExpected: text \"test_zyvSAmJFXO\"\nScreenshot: file:/home/runner/work/Teamcity-Testing-Project/Teamcity-Testing-Project/target/surefire-reports/1750696855162.0.png\nPage source: file:/home/runner/work/Teamcity-Testing-Project/Teamcity-Testing-Project/target/surefire-reports/1750696855162.0.html\nTimeout: 10 s.\nCaused by: NoSuchElementException: Unable to locate element: [class^='ubprojects__limitWidth--']\n\tat com.codeborne.selenide.impl.WebElementSource.createElementNotFoundError(WebElementSource.java:91)\n\tat com.codeborne.selenide.impl.ElementFinder.createElementNotFoundError(ElementFinder.java:142)\n\tat com.codeborne.selenide.impl.WebElementSource.handleError(WebElementSource.java:143)\n\tat com.codeborne.selenide.impl.WebElementSource.checkConditionAndReturnElement(WebElementSource.java:127)\n\tat com.codeborne.selenide.impl.WebElementSource.checkCondition(WebElementSource.java:104)\n\tat com.codeborne.selenide.commands.Should.execute(Should.java:30)\n\tat com.codeborne.selenide.commands.Should.execute(Should.java:14)\n\tat com.codeborne.selenide.commands.Commands.execute(Commands.java:161)\n\tat com.codeborne.selenide.impl.SelenideElementProxy.dispatchAndRetry(SelenideElementProxy.java:132)\n\tat com.codeborne.selenide.impl.SelenideElementProxy.invoke(SelenideElementProxy.java:84)\n\tat jdk.proxy2/jdk.proxy2.$Proxy42.shouldHave(Unknown Source)\n\tat com.example.teamcity.ui.CreateNewProjectTest.authorizedUserShouldBeAbleCreateNewProject(CreateNewProjectTest.java:24)\n\tat java.base/jdk.internal.reflect.NativeMethodAccessorImpl.invoke0(Native Method)\n\tat java.base/jdk.internal.reflect.NativeMethodAccessorImpl.invoke(NativeMethodAccessorImpl.java:77)\n\tat java.base/jdk.internal.reflect.DelegatingMethodAccessorImpl.invoke(DelegatingMethodAccessorImpl.java:43)\n\tat java.base/java.lang.reflect.Method.invoke(Method.java:569)\n\tat org.testng.internal.invokers.MethodInvocationHelper.invokeMethod(MethodInvocationHelper.java:139)\n\tat org.testng.internal.invokers.TestInvoker.invokeMethod(TestInvoker.java:677)\n\tat org.testng.internal.invokers.TestInvoker.invokeTestMethod(TestInvoker.java:221)\n\tat org.testng.internal.invokers.MethodRunner.runInSequence(MethodRunner.java:50)\n\tat org.testng.internal.invokers.TestInvoker$MethodInvocationAgent.invoke(TestInvoker.java:969)\n\tat org.testng.internal.invokers.TestInvoker.invokeTestMethods(TestInvoker.java:194)\n\tat org.testng.internal.invokers.TestMethodWorker.invokeTestMethods(TestMethodWorker.java:148)\n\tat org.testng.internal.invokers.TestMethodWorker.run(TestMethodWorker.java:128)\n\tat java.base/java.util.ArrayList.forEach(ArrayList.java:1511)\n\tat org.testng.TestRunner.privateRun(TestRunner.java:829)\n\tat org.testng.TestRunner.run(TestRunner.java:602)\n\tat org.testng.SuiteRunner.runTest(SuiteRunner.java:437)\n\tat org.testng.SuiteRunner.runSequentially(SuiteRunner.java:431)\n\tat org.testng.SuiteRunner.privateRun(SuiteRunner.java:391)\n\tat org.testng.SuiteRunner.run(SuiteRunner.java:330)\n\tat org.testng.SuiteRunnerWorker.runSuite(SuiteRunnerWorker.java:52)\n\tat org.testng.SuiteRunnerWorker.run(SuiteRunnerWorker.java:95)\n\tat org.testng.TestNG.runSuitesSequentially(TestNG.java:1256)\n\tat org.testng.TestNG.runSuitesLocally(TestNG.java:1176)\n\tat org.testng.TestNG.runSuites(TestNG.java:1099)\n\tat org.testng.TestNG.run(TestNG.java:1067)\n\tat org.apache.maven.surefire.testng.TestNGExecutor.run(TestNGExecutor.java:308)\n\tat org.apache.maven.surefire.testng.TestNGXmlTestSuite.execute(TestNGXmlTestSuite.java:71)\n\tat org.apache.maven.surefire.testng.TestNGProvider.invoke(TestNGProvider.java:113)\n\tat org.apache.maven.surefire.booter.ForkedBooter.runSuitesInProcess(ForkedBooter.java:385)\n\tat org.apache.maven.surefire.booter.ForkedBooter.execute(ForkedBooter.java:162)\n\tat org.apache.maven.surefire.booter.ForkedBooter.run(ForkedBooter.java:507)\n\tat org.apache.maven.surefire.booter.ForkedBooter.main(ForkedBooter.java:495)\nCaused by: org.openqa.selenium.NoSuchElementException: Unable to locate element: [class^='ubprojects__limitWidth--']\nFor documentation on this error, please visit: https://www.selenium.dev/documentation/webdriver/troubleshooting/errors#no-such-element-exception\nBuild info: version: '4.13.0', revision: 'ba948ece5b*'\nSystem info: os.name: 'Linux', os.arch: 'amd64', os.version: '6.11.0-1015-azure', java.version: '17.0.15'\nDriver info: org.openqa.selenium.remote.RemoteWebDriver\nCommand: [db3c53c1-191a-4eab-ba30-912b910db08c, findElement {using=css selector, value=[class^='ubprojects__limitWidth--']}]\nCapabilities {acceptInsecureCerts: true, browserName: firefox, browserVersion: 89.0, moz:accessibilityChecks: false, moz:buildID: 20210527174632, moz:debuggerAddress: localhost:36397, moz:geckodriverVersion: 0.29.1, moz:headless: false, moz:processID: 90, moz:profile: /tmp/rust_mozprofilep6O1vt, moz:shutdownTimeout: 60000, moz:useNonSpecCompliantPointerOrigin: false, moz:webdriverClick: true, pageLoadStrategy: normal, platformName: linux, platformVersion: 6.11.0-1015-azure, se:cdp: ws://172.17.0.1:4444/devtoo..., se:cdpVersion: 89.0, setWindowRect: true, strictFileInteractability: false, timeouts: {implicit: 0, pageLoad: 300000, script: 30000}, unhandledPromptBehavior: accept}\nSession ID: db3c53c1-191a-4eab-ba30-912b910db08c\n\tat jdk.internal.reflect.GeneratedConstructorAccessor18.newInstance(Unknown Source)\n\tat java.base/jdk.internal.reflect.DelegatingConstructorAccessorImpl.newInstance(DelegatingConstructorAccessorImpl.java:45)\n\tat java.base/java.lang.reflect.Constructor.newInstanceWithCaller(Constructor.java:500)\n\tat java.base/java.lang.reflect.Constructor.newInstance(Constructor.java:481)\n\tat org.openqa.selenium.remote.codec.w3c.W3CHttpResponseCodec.createException(W3CHttpResponseCodec.java:200)\n\tat org.openqa.selenium.remote.codec.w3c.W3CHttpResponseCodec.decode(W3CHttpResponseCodec.java:133)\n\tat org.openqa.selenium.remote.codec.w3c.W3CHttpResponseCodec.decode(W3CHttpResponseCodec.java:52)\n\tat org.openqa.selenium.remote.HttpCommandExecutor.execute(HttpCommandExecutor.java:191)\n\tat org.openqa.selenium.remote.RemoteWebDriver.execute(RemoteWebDriver.java:602)\n\tat org.openqa.selenium.remote.ElementLocation$ElementFinder$2.findElement(ElementLocation.java:165)\n\tat org.openqa.selenium.remote.ElementLocation.findElement(ElementLocation.java:59)\n\tat org.openqa.selenium.remote.RemoteWebDriver.findElement(RemoteWebDriver.java:359)\n\tat org.openqa.selenium.remote.RemoteWebDriver.findElement(RemoteWebDriver.java:353)\n\tat com.codeborne.selenide.impl.WebElementSelector.findElement(WebElementSelector.java:70)\n\tat com.codeborne.selenide.impl.WebElementSelector.findElement(WebElementSelector.java:44)\n\tat com.codeborne.selenide.impl.WebElementSelector.findElement(WebElementSelector.java:33)\n\tat com.codeborne.selenide.impl.ElementFinder.getWebElement(ElementFinder.java:122)\n\tat com.codeborne.selenide.impl.WebElementSource.checkConditionAndReturnElement(WebElementSource.java:116)\n\t... 40 more\n","steps":[],"attachments":[{"uid":"e6e2a9bc2eea4c77","name":"Request","source":"e6e2a9bc2eea4c77.html","type":"text/html","size":1438},{"uid":"db99590e88138a20","name":"HTTP/1.1 200 ","source":"db99590e88138a20.html","type":"text/html","size":2154}],"parameters":[],"shouldDisplayMessage":true,"stepsCount":0,"attachmentsCount":2,"hasContent":true},"afterStages":[{"name":"afterTest","time":{"start":1750696855346,"stop":1750696855431,"duration":85},"description":"","status":"passed","steps":[],"attachments":[{"uid":"323244f088ff34e","name":"Request","source":"323244f088ff34e.html","type":"text/html","size":557},{"uid":"277d7c725b0eaecf","name":"HTTP/1.1 404 ","source":"277d7c725b0eaecf.html","type":"text/html","size":940},{"uid":"fd477d0c0e70dd86","name":"Request","source":"fd477d0c0e70dd86.html","type":"text/html","size":563},{"uid":"a5f9a2086f82f149","name":"HTTP/1.1 204 ","source":"a5f9a2086f82f149.html","type":"text/html","size":478}],"parameters":[],"shouldDisplayMessage":false,"stepsCount":0,"attachmentsCount":4,"hasContent":true}],"labels":[{"name":"package","value":"com.example.teamcity.ui.CreateNewProjectTest"},{"name":"testClass","value":"com.example.teamcity.ui.CreateNewProjectTest"},{"name":"testMethod","value":"authorizedUserShouldBeAbleCreateNewProject"},{"name":"parentSuite","value":"UI Suite"},{"name":"suite","value":"UI Test"},{"name":"subSuite","value":"com.example.teamcity.ui.CreateNewProjectTest"},{"name":"host","value":"fv-az788-215"},{"name":"thread","value":"5850@fv-az788-215.main(1)"},{"name":"framework","value":"testng"},{"name":"language","value":"java"},{"name":"resultFormat","value":"allure2"}],"parameters":[],"links":[],"hidden":false,"retry":false,"extra":{"severity":"normal","retries":[],"categories":[{"name":"Product defects","matchedStatuses":[],"flaky":false}],"history":{"statistic":{"failed":2,"broken":0,"skipped":0,"passed":8,"unknown":0,"total":10},"items":[{"uid":"b8d69212d63213a7","reportUrl":"https://levchenkoin.github.io/Teamcity-Testing-Project/107//#testresult/b8d69212d63213a7","status":"failed","statusDetails":"Element not found {[class^='ubprojects__limitWidth--']}\nExpected: text \"test_fMuPszoSNr\"\nScreenshot: file:/home/runner/work/Teamcity-Testing-Project/Teamcity-Testing-Project/target/surefire-reports/1750696418575.0.png\nPage source: file:/home/runner/work/Teamcity-Testing-Project/Teamcity-Testing-Project/target/surefire-reports/1750696418575.0.html\nTimeout: 10 s.\nCaused by: NoSuchElementException: Unable to locate element: [class^='ubprojects__limitWidth--']","time":{"start":1750696372691,"stop":1750696418720,"duration":46029}},{"uid":"d7a2c12ba8bcb399","reportUrl":"https://levchenkoin.github.io/Teamcity-Testing-Project/106//#testresult/d7a2c12ba8bcb399","status":"passed","time":{"start":1750695399922,"stop":1750695438911,"duration":38989}},{"uid":"13453890c219f185","reportUrl":"https://levchenkoin.github.io/Teamcity-Testing-Project/105//#testresult/13453890c219f185","status":"passed","time":{"start":1750694448301,"stop":1750694485191,"duration":36890}},{"uid":"db64714b2a83b57","reportUrl":"https://levchenkoin.github.io/Teamcity-Testing-Project/104//#testresult/db64714b2a83b57","status":"passed","time":{"start":1750693326475,"stop":1750693366964,"duration":40489}},{"uid":"67e2840751c9b6de","reportUrl":"https://levchenkoin.github.io/Teamcity-Testing-Project/104//#testresult/67e2840751c9b6de","status":"passed","time":{"start":1750692320946,"stop":1750692355974,"duration":35028}},{"uid":"9f8e7889b7469800","reportUrl":"https://levchenkoin.github.io/Teamcity-Testing-Project/103//#testresult/9f8e7889b7469800","status":"passed","time":{"start":1750684657006,"stop":1750684694528,"duration":37522}},{"uid":"2a827c3ba3bbb116","reportUrl":"https://levchenkoin.github.io/Teamcity-Testing-Project/102//#testresult/2a827c3ba3bbb116","status":"passed","time":{"start":1750683622571,"stop":1750683657843,"duration":35272}},{"uid":"d08299baf0a151d6","reportUrl":"https://levchenkoin.github.io/Teamcity-Testing-Project/101//#testresult/d08299baf0a151d6","status":"passed","time":{"start":1750682090007,"stop":1750682126530,"duration":36523}},{"uid":"1fc0a5dae0beabf9","reportUrl":"https://levchenkoin.github.io/Teamcity-Testing-Project/101//#testresult/1fc0a5dae0beabf9","status":"passed","time":{"start":1750681397177,"stop":1750681435860,"duration":38683}}]},"tags":[]},"source":"54ab8c1e9ffa20f9.json","parameterValues":[]}