{"uid":"da2b449b5a51f1de","name":"authorizedUserShouldNotBeAbleToCreateNewBuildConfigurationWithoutAName","fullName":"com.example.teamcity.ui.CreateNewBuildConfigurationTest.authorizedUserShouldNotBeAbleToCreateNewBuildConfigurationWithoutAName","historyId":"f25402b8f81448dbff7e95010b7afc06","time":{"start":1750696868932,"stop":1750696881739,"duration":12807},"status":"failed","statusMessage":"Element not found {[class^='ubprojects__limitWidth--']}\nExpected: text \"test_htYtbWtExa\"\nScreenshot: file:/home/runner/work/Teamcity-Testing-Project/Teamcity-Testing-Project/target/surefire-reports/1750696881590.2.png\nPage source: file:/home/runner/work/Teamcity-Testing-Project/Teamcity-Testing-Project/target/surefire-reports/1750696881590.2.html\nTimeout: 10 s.\nCaused by: NoSuchElementException: Unable to locate element: [class^='ubprojects__limitWidth--']","statusTrace":"Element not found {[class^='ubprojects__limitWidth--']}\nExpected: text \"test_htYtbWtExa\"\nScreenshot: file:/home/runner/work/Teamcity-Testing-Project/Teamcity-Testing-Project/target/surefire-reports/1750696881590.2.png\nPage source: file:/home/runner/work/Teamcity-Testing-Project/Teamcity-Testing-Project/target/surefire-reports/1750696881590.2.html\nTimeout: 10 s.\nCaused by: NoSuchElementException: Unable to locate element: [class^='ubprojects__limitWidth--']\n\tat com.codeborne.selenide.impl.WebElementSource.createElementNotFoundError(WebElementSource.java:91)\n\tat com.codeborne.selenide.impl.ElementFinder.createElementNotFoundError(ElementFinder.java:142)\n\tat com.codeborne.selenide.impl.WebElementSource.handleError(WebElementSource.java:143)\n\tat com.codeborne.selenide.impl.WebElementSource.checkConditionAndReturnElement(WebElementSource.java:127)\n\tat com.codeborne.selenide.impl.WebElementSource.checkCondition(WebElementSource.java:104)\n\tat com.codeborne.selenide.commands.Should.execute(Should.java:30)\n\tat com.codeborne.selenide.commands.Should.execute(Should.java:14)\n\tat com.codeborne.selenide.commands.Commands.execute(Commands.java:161)\n\tat com.codeborne.selenide.impl.SelenideElementProxy.dispatchAndRetry(SelenideElementProxy.java:132)\n\tat com.codeborne.selenide.impl.SelenideElementProxy.invoke(SelenideElementProxy.java:84)\n\tat jdk.proxy2/jdk.proxy2.$Proxy42.shouldHave(Unknown Source)\n\tat com.example.teamcity.ui.CreateNewBuildConfigurationTest.authorizedUserShouldNotBeAbleToCreateNewBuildConfigurationWithoutAName(CreateNewBuildConfigurationTest.java:68)\n\tat java.base/jdk.internal.reflect.NativeMethodAccessorImpl.invoke0(Native Method)\n\tat java.base/jdk.internal.reflect.NativeMethodAccessorImpl.invoke(NativeMethodAccessorImpl.java:77)\n\tat java.base/jdk.internal.reflect.DelegatingMethodAccessorImpl.invoke(DelegatingMethodAccessorImpl.java:43)\n\tat java.base/java.lang.reflect.Method.invoke(Method.java:569)\n\tat org.testng.internal.invokers.MethodInvocationHelper.invokeMethod(MethodInvocationHelper.java:139)\n\tat org.testng.internal.invokers.TestInvoker.invokeMethod(TestInvoker.java:677)\n\tat org.testng.internal.invokers.TestInvoker.invokeTestMethod(TestInvoker.java:221)\n\tat org.testng.internal.invokers.MethodRunner.runInSequence(MethodRunner.java:50)\n\tat org.testng.internal.invokers.TestInvoker$MethodInvocationAgent.invoke(TestInvoker.java:969)\n\tat org.testng.internal.invokers.TestInvoker.invokeTestMethods(TestInvoker.java:194)\n\tat org.testng.internal.invokers.TestMethodWorker.invokeTestMethods(TestMethodWorker.java:148)\n\tat org.testng.internal.invokers.TestMethodWorker.run(TestMethodWorker.java:128)\n\tat java.base/java.util.ArrayList.forEach(ArrayList.java:1511)\n\tat org.testng.TestRunner.privateRun(TestRunner.java:829)\n\tat org.testng.TestRunner.run(TestRunner.java:602)\n\tat org.testng.SuiteRunner.runTest(SuiteRunner.java:437)\n\tat org.testng.SuiteRunner.runSequentially(SuiteRunner.java:431)\n\tat org.testng.SuiteRunner.privateRun(SuiteRunner.java:391)\n\tat org.testng.SuiteRunner.run(SuiteRunner.java:330)\n\tat org.testng.SuiteRunnerWorker.runSuite(SuiteRunnerWorker.java:52)\n\tat org.testng.SuiteRunnerWorker.run(SuiteRunnerWorker.java:95)\n\tat org.testng.TestNG.runSuitesSequentially(TestNG.java:1256)\n\tat org.testng.TestNG.runSuitesLocally(TestNG.java:1176)\n\tat org.testng.TestNG.runSuites(TestNG.java:1099)\n\tat org.testng.TestNG.run(TestNG.java:1067)\n\tat org.apache.maven.surefire.testng.TestNGExecutor.run(TestNGExecutor.java:308)\n\tat org.apache.maven.surefire.testng.TestNGXmlTestSuite.execute(TestNGXmlTestSuite.java:71)\n\tat org.apache.maven.surefire.testng.TestNGProvider.invoke(TestNGProvider.java:113)\n\tat org.apache.maven.surefire.booter.ForkedBooter.runSuitesInProcess(ForkedBooter.java:385)\n\tat org.apache.maven.surefire.booter.ForkedBooter.execute(ForkedBooter.java:162)\n\tat org.apache.maven.surefire.booter.ForkedBooter.run(ForkedBooter.java:507)\n\tat org.apache.maven.surefire.booter.ForkedBooter.main(ForkedBooter.java:495)\nCaused by: org.openqa.selenium.NoSuchElementException: Unable to locate element: [class^='ubprojects__limitWidth--']\nFor documentation on this error, please visit: https://www.selenium.dev/documentation/webdriver/troubleshooting/errors#no-such-element-exception\nBuild info: version: '4.13.0', revision: 'ba948ece5b*'\nSystem info: os.name: 'Linux', os.arch: 'amd64', os.version: '6.11.0-1015-azure', java.version: '17.0.15'\nDriver info: org.openqa.selenium.remote.RemoteWebDriver\nCommand: [db3c53c1-191a-4eab-ba30-912b910db08c, findElement {using=css selector, value=[class^='ubprojects__limitWidth--']}]\nCapabilities {acceptInsecureCerts: true, browserName: firefox, browserVersion: 89.0, moz:accessibilityChecks: false, moz:buildID: 20210527174632, moz:debuggerAddress: localhost:36397, moz:geckodriverVersion: 0.29.1, moz:headless: false, moz:processID: 90, moz:profile: /tmp/rust_mozprofilep6O1vt, moz:shutdownTimeout: 60000, moz:useNonSpecCompliantPointerOrigin: false, moz:webdriverClick: true, pageLoadStrategy: normal, platformName: linux, platformVersion: 6.11.0-1015-azure, se:cdp: ws://172.17.0.1:4444/devtoo..., se:cdpVersion: 89.0, setWindowRect: true, strictFileInteractability: false, timeouts: {implicit: 0, pageLoad: 300000, script: 30000}, unhandledPromptBehavior: accept}\nSession ID: db3c53c1-191a-4eab-ba30-912b910db08c\n\tat jdk.internal.reflect.GeneratedConstructorAccessor18.newInstance(Unknown Source)\n\tat java.base/jdk.internal.reflect.DelegatingConstructorAccessorImpl.newInstance(DelegatingConstructorAccessorImpl.java:45)\n\tat java.base/java.lang.reflect.Constructor.newInstanceWithCaller(Constructor.java:500)\n\tat java.base/java.lang.reflect.Constructor.newInstance(Constructor.java:481)\n\tat org.openqa.selenium.remote.codec.w3c.W3CHttpResponseCodec.createException(W3CHttpResponseCodec.java:200)\n\tat org.openqa.selenium.remote.codec.w3c.W3CHttpResponseCodec.decode(W3CHttpResponseCodec.java:133)\n\tat org.openqa.selenium.remote.codec.w3c.W3CHttpResponseCodec.decode(W3CHttpResponseCodec.java:52)\n\tat org.openqa.selenium.remote.HttpCommandExecutor.execute(HttpCommandExecutor.java:191)\n\tat org.openqa.selenium.remote.RemoteWebDriver.execute(RemoteWebDriver.java:602)\n\tat org.openqa.selenium.remote.ElementLocation$ElementFinder$2.findElement(ElementLocation.java:165)\n\tat org.openqa.selenium.remote.ElementLocation.findElement(ElementLocation.java:59)\n\tat org.openqa.selenium.remote.RemoteWebDriver.findElement(RemoteWebDriver.java:359)\n\tat org.openqa.selenium.remote.RemoteWebDriver.findElement(RemoteWebDriver.java:353)\n\tat com.codeborne.selenide.impl.WebElementSelector.findElement(WebElementSelector.java:70)\n\tat com.codeborne.selenide.impl.WebElementSelector.findElement(WebElementSelector.java:44)\n\tat com.codeborne.selenide.impl.WebElementSelector.findElement(WebElementSelector.java:33)\n\tat com.codeborne.selenide.impl.ElementFinder.getWebElement(ElementFinder.java:122)\n\tat com.codeborne.selenide.impl.WebElementSource.checkConditionAndReturnElement(WebElementSource.java:116)\n\t... 40 more\n","flaky":false,"newFailed":false,"newBroken":false,"newPassed":false,"retriesCount":0,"retriesStatusChange":false,"beforeStages":[{"name":"beforeTest","time":{"start":1750696868930,"stop":1750696868930,"duration":0},"description":"","status":"passed","steps":[],"attachments":[],"parameters":[],"shouldDisplayMessage":false,"stepsCount":0,"attachmentsCount":0,"hasContent":false}],"testStage":{"status":"failed","statusMessage":"Element not found {[class^='ubprojects__limitWidth--']}\nExpected: text \"test_htYtbWtExa\"\nScreenshot: file:/home/runner/work/Teamcity-Testing-Project/Teamcity-Testing-Project/target/surefire-reports/1750696881590.2.png\nPage source: file:/home/runner/work/Teamcity-Testing-Project/Teamcity-Testing-Project/target/surefire-reports/1750696881590.2.html\nTimeout: 10 s.\nCaused by: NoSuchElementException: Unable to locate element: [class^='ubprojects__limitWidth--']","statusTrace":"Element not found {[class^='ubprojects__limitWidth--']}\nExpected: text \"test_htYtbWtExa\"\nScreenshot: file:/home/runner/work/Teamcity-Testing-Project/Teamcity-Testing-Project/target/surefire-reports/1750696881590.2.png\nPage source: file:/home/runner/work/Teamcity-Testing-Project/Teamcity-Testing-Project/target/surefire-reports/1750696881590.2.html\nTimeout: 10 s.\nCaused by: NoSuchElementException: Unable to locate element: [class^='ubprojects__limitWidth--']\n\tat com.codeborne.selenide.impl.WebElementSource.createElementNotFoundError(WebElementSource.java:91)\n\tat com.codeborne.selenide.impl.ElementFinder.createElementNotFoundError(ElementFinder.java:142)\n\tat com.codeborne.selenide.impl.WebElementSource.handleError(WebElementSource.java:143)\n\tat com.codeborne.selenide.impl.WebElementSource.checkConditionAndReturnElement(WebElementSource.java:127)\n\tat com.codeborne.selenide.impl.WebElementSource.checkCondition(WebElementSource.java:104)\n\tat com.codeborne.selenide.commands.Should.execute(Should.java:30)\n\tat com.codeborne.selenide.commands.Should.execute(Should.java:14)\n\tat com.codeborne.selenide.commands.Commands.execute(Commands.java:161)\n\tat com.codeborne.selenide.impl.SelenideElementProxy.dispatchAndRetry(SelenideElementProxy.java:132)\n\tat com.codeborne.selenide.impl.SelenideElementProxy.invoke(SelenideElementProxy.java:84)\n\tat jdk.proxy2/jdk.proxy2.$Proxy42.shouldHave(Unknown Source)\n\tat com.example.teamcity.ui.CreateNewBuildConfigurationTest.authorizedUserShouldNotBeAbleToCreateNewBuildConfigurationWithoutAName(CreateNewBuildConfigurationTest.java:68)\n\tat java.base/jdk.internal.reflect.NativeMethodAccessorImpl.invoke0(Native Method)\n\tat java.base/jdk.internal.reflect.NativeMethodAccessorImpl.invoke(NativeMethodAccessorImpl.java:77)\n\tat java.base/jdk.internal.reflect.DelegatingMethodAccessorImpl.invoke(DelegatingMethodAccessorImpl.java:43)\n\tat java.base/java.lang.reflect.Method.invoke(Method.java:569)\n\tat org.testng.internal.invokers.MethodInvocationHelper.invokeMethod(MethodInvocationHelper.java:139)\n\tat org.testng.internal.invokers.TestInvoker.invokeMethod(TestInvoker.java:677)\n\tat org.testng.internal.invokers.TestInvoker.invokeTestMethod(TestInvoker.java:221)\n\tat org.testng.internal.invokers.MethodRunner.runInSequence(MethodRunner.java:50)\n\tat org.testng.internal.invokers.TestInvoker$MethodInvocationAgent.invoke(TestInvoker.java:969)\n\tat org.testng.internal.invokers.TestInvoker.invokeTestMethods(TestInvoker.java:194)\n\tat org.testng.internal.invokers.TestMethodWorker.invokeTestMethods(TestMethodWorker.java:148)\n\tat org.testng.internal.invokers.TestMethodWorker.run(TestMethodWorker.java:128)\n\tat java.base/java.util.ArrayList.forEach(ArrayList.java:1511)\n\tat org.testng.TestRunner.privateRun(TestRunner.java:829)\n\tat org.testng.TestRunner.run(TestRunner.java:602)\n\tat org.testng.SuiteRunner.runTest(SuiteRunner.java:437)\n\tat org.testng.SuiteRunner.runSequentially(SuiteRunner.java:431)\n\tat org.testng.SuiteRunner.privateRun(SuiteRunner.java:391)\n\tat org.testng.SuiteRunner.run(SuiteRunner.java:330)\n\tat org.testng.SuiteRunnerWorker.runSuite(SuiteRunnerWorker.java:52)\n\tat org.testng.SuiteRunnerWorker.run(SuiteRunnerWorker.java:95)\n\tat org.testng.TestNG.runSuitesSequentially(TestNG.java:1256)\n\tat org.testng.TestNG.runSuitesLocally(TestNG.java:1176)\n\tat org.testng.TestNG.runSuites(TestNG.java:1099)\n\tat org.testng.TestNG.run(TestNG.java:1067)\n\tat org.apache.maven.surefire.testng.TestNGExecutor.run(TestNGExecutor.java:308)\n\tat org.apache.maven.surefire.testng.TestNGXmlTestSuite.execute(TestNGXmlTestSuite.java:71)\n\tat org.apache.maven.surefire.testng.TestNGProvider.invoke(TestNGProvider.java:113)\n\tat org.apache.maven.surefire.booter.ForkedBooter.runSuitesInProcess(ForkedBooter.java:385)\n\tat org.apache.maven.surefire.booter.ForkedBooter.execute(ForkedBooter.java:162)\n\tat org.apache.maven.surefire.booter.ForkedBooter.run(ForkedBooter.java:507)\n\tat org.apache.maven.surefire.booter.ForkedBooter.main(ForkedBooter.java:495)\nCaused by: org.openqa.selenium.NoSuchElementException: Unable to locate element: [class^='ubprojects__limitWidth--']\nFor documentation on this error, please visit: https://www.selenium.dev/documentation/webdriver/troubleshooting/errors#no-such-element-exception\nBuild info: version: '4.13.0', revision: 'ba948ece5b*'\nSystem info: os.name: 'Linux', os.arch: 'amd64', os.version: '6.11.0-1015-azure', java.version: '17.0.15'\nDriver info: org.openqa.selenium.remote.RemoteWebDriver\nCommand: [db3c53c1-191a-4eab-ba30-912b910db08c, findElement {using=css selector, value=[class^='ubprojects__limitWidth--']}]\nCapabilities {acceptInsecureCerts: true, browserName: firefox, browserVersion: 89.0, moz:accessibilityChecks: false, moz:buildID: 20210527174632, moz:debuggerAddress: localhost:36397, moz:geckodriverVersion: 0.29.1, moz:headless: false, moz:processID: 90, moz:profile: /tmp/rust_mozprofilep6O1vt, moz:shutdownTimeout: 60000, moz:useNonSpecCompliantPointerOrigin: false, moz:webdriverClick: true, pageLoadStrategy: normal, platformName: linux, platformVersion: 6.11.0-1015-azure, se:cdp: ws://172.17.0.1:4444/devtoo..., se:cdpVersion: 89.0, setWindowRect: true, strictFileInteractability: false, timeouts: {implicit: 0, pageLoad: 300000, script: 30000}, unhandledPromptBehavior: accept}\nSession ID: db3c53c1-191a-4eab-ba30-912b910db08c\n\tat jdk.internal.reflect.GeneratedConstructorAccessor18.newInstance(Unknown Source)\n\tat java.base/jdk.internal.reflect.DelegatingConstructorAccessorImpl.newInstance(DelegatingConstructorAccessorImpl.java:45)\n\tat java.base/java.lang.reflect.Constructor.newInstanceWithCaller(Constructor.java:500)\n\tat java.base/java.lang.reflect.Constructor.newInstance(Constructor.java:481)\n\tat org.openqa.selenium.remote.codec.w3c.W3CHttpResponseCodec.createException(W3CHttpResponseCodec.java:200)\n\tat org.openqa.selenium.remote.codec.w3c.W3CHttpResponseCodec.decode(W3CHttpResponseCodec.java:133)\n\tat org.openqa.selenium.remote.codec.w3c.W3CHttpResponseCodec.decode(W3CHttpResponseCodec.java:52)\n\tat org.openqa.selenium.remote.HttpCommandExecutor.execute(HttpCommandExecutor.java:191)\n\tat org.openqa.selenium.remote.RemoteWebDriver.execute(RemoteWebDriver.java:602)\n\tat org.openqa.selenium.remote.ElementLocation$ElementFinder$2.findElement(ElementLocation.java:165)\n\tat org.openqa.selenium.remote.ElementLocation.findElement(ElementLocation.java:59)\n\tat org.openqa.selenium.remote.RemoteWebDriver.findElement(RemoteWebDriver.java:359)\n\tat org.openqa.selenium.remote.RemoteWebDriver.findElement(RemoteWebDriver.java:353)\n\tat com.codeborne.selenide.impl.WebElementSelector.findElement(WebElementSelector.java:70)\n\tat com.codeborne.selenide.impl.WebElementSelector.findElement(WebElementSelector.java:44)\n\tat com.codeborne.selenide.impl.WebElementSelector.findElement(WebElementSelector.java:33)\n\tat com.codeborne.selenide.impl.ElementFinder.getWebElement(ElementFinder.java:122)\n\tat com.codeborne.selenide.impl.WebElementSource.checkConditionAndReturnElement(WebElementSource.java:116)\n\t... 40 more\n","steps":[],"attachments":[{"uid":"ec3b8048b99a1e14","name":"Request","source":"ec3b8048b99a1e14.html","type":"text/html","size":1438},{"uid":"5ef233bec7daf002","name":"HTTP/1.1 200 ","source":"5ef233bec7daf002.html","type":"text/html","size":2154},{"uid":"d4cff6a0aa48bc5e","name":"Request","source":"d4cff6a0aa48bc5e.html","type":"text/html","size":1306},{"uid":"5c7ca56cafd31ad","name":"HTTP/1.1 200 ","source":"5c7ca56cafd31ad.html","type":"text/html","size":2225}],"parameters":[],"shouldDisplayMessage":true,"stepsCount":0,"attachmentsCount":4,"hasContent":true},"afterStages":[{"name":"afterTest","time":{"start":1750696881743,"stop":1750696881939,"duration":196},"description":"","status":"passed","steps":[],"attachments":[{"uid":"6d748e4d3ddd9582","name":"Request","source":"6d748e4d3ddd9582.html","type":"text/html","size":557},{"uid":"89f359d9b0238ef2","name":"HTTP/1.1 404 ","source":"89f359d9b0238ef2.html","type":"text/html","size":940},{"uid":"5dcbc2817917d9b4","name":"Request","source":"5dcbc2817917d9b4.html","type":"text/html","size":563},{"uid":"a0470a784208f923","name":"HTTP/1.1 404 ","source":"a0470a784208f923.html","type":"text/html","size":823},{"uid":"3d9eb6e694e9abe2","name":"Request","source":"3d9eb6e694e9abe2.html","type":"text/html","size":557},{"uid":"df3f8e56e587635a","name":"HTTP/1.1 404 ","source":"df3f8e56e587635a.html","type":"text/html","size":940},{"uid":"e885d81fb1bd0279","name":"Request","source":"e885d81fb1bd0279.html","type":"text/html","size":563},{"uid":"b8decb830d7427d8","name":"HTTP/1.1 404 ","source":"b8decb830d7427d8.html","type":"text/html","size":823},{"uid":"64ba2e929fb200e","name":"Request","source":"64ba2e929fb200e.html","type":"text/html","size":557},{"uid":"cf8c1235e684504f","name":"HTTP/1.1 204 ","source":"cf8c1235e684504f.html","type":"text/html","size":478},{"uid":"84582e40bd073668","name":"Request","source":"84582e40bd073668.html","type":"text/html","size":563},{"uid":"446fd4d3a7bbee97","name":"HTTP/1.1 204 ","source":"446fd4d3a7bbee97.html","type":"text/html","size":478}],"parameters":[],"shouldDisplayMessage":false,"stepsCount":0,"attachmentsCount":12,"hasContent":true}],"labels":[{"name":"package","value":"com.example.teamcity.ui.CreateNewBuildConfigurationTest"},{"name":"testClass","value":"com.example.teamcity.ui.CreateNewBuildConfigurationTest"},{"name":"testMethod","value":"authorizedUserShouldNotBeAbleToCreateNewBuildConfigurationWithoutAName"},{"name":"parentSuite","value":"UI Suite"},{"name":"suite","value":"UI Test"},{"name":"subSuite","value":"com.example.teamcity.ui.CreateNewBuildConfigurationTest"},{"name":"host","value":"fv-az788-215"},{"name":"thread","value":"5850@fv-az788-215.main(1)"},{"name":"framework","value":"testng"},{"name":"language","value":"java"},{"name":"resultFormat","value":"allure2"}],"parameters":[],"links":[],"hidden":false,"retry":false,"extra":{"severity":"normal","retries":[],"categories":[{"name":"Product defects","matchedStatuses":[],"flaky":false}],"history":{"statistic":{"failed":2,"broken":0,"skipped":0,"passed":8,"unknown":0,"total":10},"items":[{"uid":"d1727cc7c0fd2e96","reportUrl":"https://levchenkoin.github.io/Teamcity-Testing-Project/107//#testresult/d1727cc7c0fd2e96","status":"failed","statusDetails":"Element not found {[class^='ubprojects__limitWidth--']}\nExpected: text \"test_iTObqMEqfV\"\nScreenshot: file:/home/runner/work/Teamcity-Testing-Project/Teamcity-Testing-Project/target/surefire-reports/1750696445411.2.png\nPage source: file:/home/runner/work/Teamcity-Testing-Project/Teamcity-Testing-Project/target/surefire-reports/1750696445411.2.html\nTimeout: 10 s.\nCaused by: NoSuchElementException: Unable to locate element: [class^='ubprojects__limitWidth--']","time":{"start":1750696432487,"stop":1750696445530,"duration":13043}},{"uid":"f566017b3c10e054","reportUrl":"https://levchenkoin.github.io/Teamcity-Testing-Project/106//#testresult/f566017b3c10e054","status":"passed","time":{"start":1750695452669,"stop":1750695461994,"duration":9325}},{"uid":"3ac70f55455104c8","reportUrl":"https://levchenkoin.github.io/Teamcity-Testing-Project/105//#testresult/3ac70f55455104c8","status":"passed","time":{"start":1750694499124,"stop":1750694508029,"duration":8905}},{"uid":"ea374d9c07e45b5f","reportUrl":"https://levchenkoin.github.io/Teamcity-Testing-Project/104//#testresult/ea374d9c07e45b5f","status":"passed","time":{"start":1750693381654,"stop":1750693392510,"duration":10856}},{"uid":"68780018d3702b7e","reportUrl":"https://levchenkoin.github.io/Teamcity-Testing-Project/104//#testresult/68780018d3702b7e","status":"passed","time":{"start":1750692367903,"stop":1750692376159,"duration":8256}},{"uid":"f4f3b1a43d76f912","reportUrl":"https://levchenkoin.github.io/Teamcity-Testing-Project/103//#testresult/f4f3b1a43d76f912","status":"passed","time":{"start":1750684709229,"stop":1750684720296,"duration":11067}},{"uid":"1a9620e92cd7b9ba","reportUrl":"https://levchenkoin.github.io/Teamcity-Testing-Project/102//#testresult/1a9620e92cd7b9ba","status":"passed","time":{"start":1750683672306,"stop":1750683681573,"duration":9267}},{"uid":"adc7450f0cb32536","reportUrl":"https://levchenkoin.github.io/Teamcity-Testing-Project/101//#testresult/adc7450f0cb32536","status":"passed","time":{"start":1750682141791,"stop":1750682150968,"duration":9177}},{"uid":"b6ee570ef2ba0bac","reportUrl":"https://levchenkoin.github.io/Teamcity-Testing-Project/101//#testresult/b6ee570ef2ba0bac","status":"passed","time":{"start":1750681450173,"stop":1750681460210,"duration":10037}}]},"tags":[]},"source":"da2b449b5a51f1de.json","parameterValues":[]}