{"uid":"410e0d6adbec0015","name":"authorizedUserShouldNotBeAbleToCreateNewBuildConfigurationWithoutAName","fullName":"com.example.teamcity.ui.CreateNewBuildConfigurationTest.authorizedUserShouldNotBeAbleToCreateNewBuildConfigurationWithoutAName","historyId":"f25402b8f81448dbff7e95010b7afc06","time":{"start":1747173415047,"stop":1747173418649,"duration":3602},"status":"broken","statusMessage":"No value present","statusTrace":"java.util.NoSuchElementException: No value present\n\tat java.base/java.util.Optional.get(Optional.java:143)\n\tat com.example.teamcity.ui.CreateNewBuildConfigurationTest.authorizedUserShouldNotBeAbleToCreateNewBuildConfigurationWithoutAName(CreateNewBuildConfigurationTest.java:67)\n\tat java.base/jdk.internal.reflect.NativeMethodAccessorImpl.invoke0(Native Method)\n\tat java.base/jdk.internal.reflect.NativeMethodAccessorImpl.invoke(NativeMethodAccessorImpl.java:77)\n\tat java.base/jdk.internal.reflect.DelegatingMethodAccessorImpl.invoke(DelegatingMethodAccessorImpl.java:43)\n\tat java.base/java.lang.reflect.Method.invoke(Method.java:569)\n\tat org.testng.internal.invokers.MethodInvocationHelper.invokeMethod(MethodInvocationHelper.java:139)\n\tat org.testng.internal.invokers.TestInvoker.invokeMethod(TestInvoker.java:677)\n\tat org.testng.internal.invokers.TestInvoker.invokeTestMethod(TestInvoker.java:221)\n\tat org.testng.internal.invokers.MethodRunner.runInSequence(MethodRunner.java:50)\n\tat org.testng.internal.invokers.TestInvoker$MethodInvocationAgent.invoke(TestInvoker.java:969)\n\tat org.testng.internal.invokers.TestInvoker.invokeTestMethods(TestInvoker.java:194)\n\tat org.testng.internal.invokers.TestMethodWorker.invokeTestMethods(TestMethodWorker.java:148)\n\tat org.testng.internal.invokers.TestMethodWorker.run(TestMethodWorker.java:128)\n\tat java.base/java.util.ArrayList.forEach(ArrayList.java:1511)\n\tat org.testng.TestRunner.privateRun(TestRunner.java:829)\n\tat org.testng.TestRunner.run(TestRunner.java:602)\n\tat org.testng.SuiteRunner.runTest(SuiteRunner.java:437)\n\tat org.testng.SuiteRunner.runSequentially(SuiteRunner.java:431)\n\tat org.testng.SuiteRunner.privateRun(SuiteRunner.java:391)\n\tat org.testng.SuiteRunner.run(SuiteRunner.java:330)\n\tat org.testng.SuiteRunnerWorker.runSuite(SuiteRunnerWorker.java:52)\n\tat org.testng.SuiteRunnerWorker.run(SuiteRunnerWorker.java:95)\n\tat org.testng.TestNG.runSuitesSequentially(TestNG.java:1256)\n\tat org.testng.TestNG.runSuitesLocally(TestNG.java:1176)\n\tat org.testng.TestNG.runSuites(TestNG.java:1099)\n\tat org.testng.TestNG.run(TestNG.java:1067)\n\tat org.apache.maven.surefire.testng.TestNGExecutor.run(TestNGExecutor.java:308)\n\tat org.apache.maven.surefire.testng.TestNGXmlTestSuite.execute(TestNGXmlTestSuite.java:71)\n\tat org.apache.maven.surefire.testng.TestNGProvider.invoke(TestNGProvider.java:113)\n\tat org.apache.maven.surefire.booter.ForkedBooter.runSuitesInProcess(ForkedBooter.java:385)\n\tat org.apache.maven.surefire.booter.ForkedBooter.execute(ForkedBooter.java:162)\n\tat org.apache.maven.surefire.booter.ForkedBooter.run(ForkedBooter.java:507)\n\tat org.apache.maven.surefire.booter.ForkedBooter.main(ForkedBooter.java:495)\n","flaky":false,"newFailed":false,"newBroken":false,"newPassed":false,"retriesCount":0,"retriesStatusChange":false,"beforeStages":[{"name":"beforeTest","time":{"start":1747173415044,"stop":1747173415044,"duration":0},"description":"","status":"passed","steps":[],"attachments":[],"parameters":[],"shouldDisplayMessage":false,"stepsCount":0,"attachmentsCount":0,"hasContent":false}],"testStage":{"status":"broken","statusMessage":"No value present","statusTrace":"java.util.NoSuchElementException: No value present\n\tat java.base/java.util.Optional.get(Optional.java:143)\n\tat com.example.teamcity.ui.CreateNewBuildConfigurationTest.authorizedUserShouldNotBeAbleToCreateNewBuildConfigurationWithoutAName(CreateNewBuildConfigurationTest.java:67)\n\tat java.base/jdk.internal.reflect.NativeMethodAccessorImpl.invoke0(Native Method)\n\tat java.base/jdk.internal.reflect.NativeMethodAccessorImpl.invoke(NativeMethodAccessorImpl.java:77)\n\tat java.base/jdk.internal.reflect.DelegatingMethodAccessorImpl.invoke(DelegatingMethodAccessorImpl.java:43)\n\tat java.base/java.lang.reflect.Method.invoke(Method.java:569)\n\tat org.testng.internal.invokers.MethodInvocationHelper.invokeMethod(MethodInvocationHelper.java:139)\n\tat org.testng.internal.invokers.TestInvoker.invokeMethod(TestInvoker.java:677)\n\tat org.testng.internal.invokers.TestInvoker.invokeTestMethod(TestInvoker.java:221)\n\tat org.testng.internal.invokers.MethodRunner.runInSequence(MethodRunner.java:50)\n\tat org.testng.internal.invokers.TestInvoker$MethodInvocationAgent.invoke(TestInvoker.java:969)\n\tat org.testng.internal.invokers.TestInvoker.invokeTestMethods(TestInvoker.java:194)\n\tat org.testng.internal.invokers.TestMethodWorker.invokeTestMethods(TestMethodWorker.java:148)\n\tat org.testng.internal.invokers.TestMethodWorker.run(TestMethodWorker.java:128)\n\tat java.base/java.util.ArrayList.forEach(ArrayList.java:1511)\n\tat org.testng.TestRunner.privateRun(TestRunner.java:829)\n\tat org.testng.TestRunner.run(TestRunner.java:602)\n\tat org.testng.SuiteRunner.runTest(SuiteRunner.java:437)\n\tat org.testng.SuiteRunner.runSequentially(SuiteRunner.java:431)\n\tat org.testng.SuiteRunner.privateRun(SuiteRunner.java:391)\n\tat org.testng.SuiteRunner.run(SuiteRunner.java:330)\n\tat org.testng.SuiteRunnerWorker.runSuite(SuiteRunnerWorker.java:52)\n\tat org.testng.SuiteRunnerWorker.run(SuiteRunnerWorker.java:95)\n\tat org.testng.TestNG.runSuitesSequentially(TestNG.java:1256)\n\tat org.testng.TestNG.runSuitesLocally(TestNG.java:1176)\n\tat org.testng.TestNG.runSuites(TestNG.java:1099)\n\tat org.testng.TestNG.run(TestNG.java:1067)\n\tat org.apache.maven.surefire.testng.TestNGExecutor.run(TestNGExecutor.java:308)\n\tat org.apache.maven.surefire.testng.TestNGXmlTestSuite.execute(TestNGXmlTestSuite.java:71)\n\tat org.apache.maven.surefire.testng.TestNGProvider.invoke(TestNGProvider.java:113)\n\tat org.apache.maven.surefire.booter.ForkedBooter.runSuitesInProcess(ForkedBooter.java:385)\n\tat org.apache.maven.surefire.booter.ForkedBooter.execute(ForkedBooter.java:162)\n\tat org.apache.maven.surefire.booter.ForkedBooter.run(ForkedBooter.java:507)\n\tat org.apache.maven.surefire.booter.ForkedBooter.main(ForkedBooter.java:495)\n","steps":[],"attachments":[{"uid":"3f2a72c65ee9fb5b","name":"Request","source":"3f2a72c65ee9fb5b.html","type":"text/html","size":1438},{"uid":"766e836f55edecc","name":"HTTP/1.1 200 ","source":"766e836f55edecc.html","type":"text/html","size":2150},{"uid":"88551bc594d3b6a7","name":"Request","source":"88551bc594d3b6a7.html","type":"text/html","size":1306},{"uid":"e367fd4d6cef1a8","name":"HTTP/1.1 200 ","source":"e367fd4d6cef1a8.html","type":"text/html","size":2225}],"parameters":[],"shouldDisplayMessage":true,"stepsCount":0,"attachmentsCount":4,"hasContent":true},"afterStages":[{"name":"afterTest","time":{"start":1747173418657,"stop":1747173419047,"duration":390},"description":"","status":"passed","steps":[],"attachments":[{"uid":"1406ff956b278fbe","name":"Request","source":"1406ff956b278fbe.html","type":"text/html","size":557},{"uid":"8b3fbf485c59dc6c","name":"HTTP/1.1 404 ","source":"8b3fbf485c59dc6c.html","type":"text/html","size":940},{"uid":"28ff6f80b3e514a","name":"Request","source":"28ff6f80b3e514a.html","type":"text/html","size":563},{"uid":"b5a7aa78d32560e6","name":"HTTP/1.1 404 ","source":"b5a7aa78d32560e6.html","type":"text/html","size":823},{"uid":"88c41d53cf2d77c","name":"Request","source":"88c41d53cf2d77c.html","type":"text/html","size":557},{"uid":"6e5abb0ffafdb7e8","name":"HTTP/1.1 404 ","source":"6e5abb0ffafdb7e8.html","type":"text/html","size":940},{"uid":"31323e746e8c75b7","name":"Request","source":"31323e746e8c75b7.html","type":"text/html","size":563},{"uid":"a8074e35f5b407a1","name":"HTTP/1.1 404 ","source":"a8074e35f5b407a1.html","type":"text/html","size":823},{"uid":"81b98eae3c845557","name":"Request","source":"81b98eae3c845557.html","type":"text/html","size":557},{"uid":"d7c62122184da33b","name":"HTTP/1.1 204 ","source":"d7c62122184da33b.html","type":"text/html","size":478},{"uid":"76e6b9a57c6180fb","name":"Request","source":"76e6b9a57c6180fb.html","type":"text/html","size":563},{"uid":"cd0b50cbc8ed1183","name":"HTTP/1.1 204 ","source":"cd0b50cbc8ed1183.html","type":"text/html","size":478}],"parameters":[],"shouldDisplayMessage":false,"stepsCount":0,"attachmentsCount":12,"hasContent":true}],"labels":[{"name":"package","value":"com.example.teamcity.ui.CreateNewBuildConfigurationTest"},{"name":"testClass","value":"com.example.teamcity.ui.CreateNewBuildConfigurationTest"},{"name":"testMethod","value":"authorizedUserShouldNotBeAbleToCreateNewBuildConfigurationWithoutAName"},{"name":"parentSuite","value":"UI Suite"},{"name":"suite","value":"UI Test"},{"name":"subSuite","value":"com.example.teamcity.ui.CreateNewBuildConfigurationTest"},{"name":"host","value":"fv-az1922-792"},{"name":"thread","value":"5722@fv-az1922-792.main(1)"},{"name":"framework","value":"testng"},{"name":"language","value":"java"},{"name":"resultFormat","value":"allure2"}],"parameters":[],"links":[],"hidden":false,"retry":false,"extra":{"severity":"normal","retries":[],"categories":[{"name":"Test defects","matchedStatuses":[],"flaky":false}],"history":{"statistic":{"failed":0,"broken":3,"skipped":0,"passed":0,"unknown":0,"total":3},"items":[{"uid":"64f8cfd49546f1fe","reportUrl":"https://levchenkoin.github.io/Teamcity-Testing-Project/60//#testresult/64f8cfd49546f1fe","status":"broken","statusDetails":"No value present","time":{"start":1747173101292,"stop":1747173105069,"duration":3777}},{"uid":"a650ad8c1c41b9ca","reportUrl":"https://levchenkoin.github.io/Teamcity-Testing-Project/59//#testresult/a650ad8c1c41b9ca","status":"broken","statusDetails":"No value present","time":{"start":1747172815830,"stop":1747172819969,"duration":4139}}]},"tags":[]},"source":"410e0d6adbec0015.json","parameterValues":[]}