{"uid":"79b1a4c4497017e7","name":"authorizedUserShouldNotBeAbleToCreateNewBuildConfigurationWithoutAName","fullName":"com.example.teamcity.ui.CreateNewBuildConfigurationTest.authorizedUserShouldNotBeAbleToCreateNewBuildConfigurationWithoutAName","historyId":"f25402b8f81448dbff7e95010b7afc06","time":{"start":1750427072780,"stop":1750427085657,"duration":12877},"status":"failed","statusMessage":"Element not found {[class=\"Subprojects__limitWidth--Xw\"]}\nExpected: text \"test_sxOYTMalqg\"\nScreenshot: file:/home/runner/work/Teamcity-Testing-Project/Teamcity-Testing-Project/target/surefire-reports/1750427085545.2.png\nPage source: file:/home/runner/work/Teamcity-Testing-Project/Teamcity-Testing-Project/target/surefire-reports/1750427085545.2.html\nTimeout: 10 s.\nCaused by: NoSuchElementException: Unable to locate element: [class=\"Subprojects__limitWidth--Xw\"]","statusTrace":"Element not found {[class=\"Subprojects__limitWidth--Xw\"]}\nExpected: text \"test_sxOYTMalqg\"\nScreenshot: file:/home/runner/work/Teamcity-Testing-Project/Teamcity-Testing-Project/target/surefire-reports/1750427085545.2.png\nPage source: file:/home/runner/work/Teamcity-Testing-Project/Teamcity-Testing-Project/target/surefire-reports/1750427085545.2.html\nTimeout: 10 s.\nCaused by: NoSuchElementException: Unable to locate element: [class=\"Subprojects__limitWidth--Xw\"]\n\tat com.codeborne.selenide.impl.WebElementSource.createElementNotFoundError(WebElementSource.java:91)\n\tat com.codeborne.selenide.impl.ElementFinder.createElementNotFoundError(ElementFinder.java:142)\n\tat com.codeborne.selenide.impl.WebElementSource.handleError(WebElementSource.java:143)\n\tat com.codeborne.selenide.impl.WebElementSource.checkConditionAndReturnElement(WebElementSource.java:127)\n\tat com.codeborne.selenide.impl.WebElementSource.checkCondition(WebElementSource.java:104)\n\tat com.codeborne.selenide.commands.Should.execute(Should.java:30)\n\tat com.codeborne.selenide.commands.Should.execute(Should.java:14)\n\tat com.codeborne.selenide.commands.Commands.execute(Commands.java:161)\n\tat com.codeborne.selenide.impl.SelenideElementProxy.dispatchAndRetry(SelenideElementProxy.java:132)\n\tat com.codeborne.selenide.impl.SelenideElementProxy.invoke(SelenideElementProxy.java:84)\n\tat jdk.proxy2/jdk.proxy2.$Proxy42.shouldHave(Unknown Source)\n\tat com.example.teamcity.ui.CreateNewBuildConfigurationTest.authorizedUserShouldNotBeAbleToCreateNewBuildConfigurationWithoutAName(CreateNewBuildConfigurationTest.java:68)\n\tat java.base/jdk.internal.reflect.NativeMethodAccessorImpl.invoke0(Native Method)\n\tat java.base/jdk.internal.reflect.NativeMethodAccessorImpl.invoke(NativeMethodAccessorImpl.java:77)\n\tat java.base/jdk.internal.reflect.DelegatingMethodAccessorImpl.invoke(DelegatingMethodAccessorImpl.java:43)\n\tat java.base/java.lang.reflect.Method.invoke(Method.java:569)\n\tat org.testng.internal.invokers.MethodInvocationHelper.invokeMethod(MethodInvocationHelper.java:139)\n\tat org.testng.internal.invokers.TestInvoker.invokeMethod(TestInvoker.java:677)\n\tat org.testng.internal.invokers.TestInvoker.invokeTestMethod(TestInvoker.java:221)\n\tat org.testng.internal.invokers.MethodRunner.runInSequence(MethodRunner.java:50)\n\tat org.testng.internal.invokers.TestInvoker$MethodInvocationAgent.invoke(TestInvoker.java:969)\n\tat org.testng.internal.invokers.TestInvoker.invokeTestMethods(TestInvoker.java:194)\n\tat org.testng.internal.invokers.TestMethodWorker.invokeTestMethods(TestMethodWorker.java:148)\n\tat org.testng.internal.invokers.TestMethodWorker.run(TestMethodWorker.java:128)\n\tat java.base/java.util.ArrayList.forEach(ArrayList.java:1511)\n\tat org.testng.TestRunner.privateRun(TestRunner.java:829)\n\tat org.testng.TestRunner.run(TestRunner.java:602)\n\tat org.testng.SuiteRunner.runTest(SuiteRunner.java:437)\n\tat org.testng.SuiteRunner.runSequentially(SuiteRunner.java:431)\n\tat org.testng.SuiteRunner.privateRun(SuiteRunner.java:391)\n\tat org.testng.SuiteRunner.run(SuiteRunner.java:330)\n\tat org.testng.SuiteRunnerWorker.runSuite(SuiteRunnerWorker.java:52)\n\tat org.testng.SuiteRunnerWorker.run(SuiteRunnerWorker.java:95)\n\tat org.testng.TestNG.runSuitesSequentially(TestNG.java:1256)\n\tat org.testng.TestNG.runSuitesLocally(TestNG.java:1176)\n\tat org.testng.TestNG.runSuites(TestNG.java:1099)\n\tat org.testng.TestNG.run(TestNG.java:1067)\n\tat org.apache.maven.surefire.testng.TestNGExecutor.run(TestNGExecutor.java:308)\n\tat org.apache.maven.surefire.testng.TestNGXmlTestSuite.execute(TestNGXmlTestSuite.java:71)\n\tat org.apache.maven.surefire.testng.TestNGProvider.invoke(TestNGProvider.java:113)\n\tat org.apache.maven.surefire.booter.ForkedBooter.runSuitesInProcess(ForkedBooter.java:385)\n\tat org.apache.maven.surefire.booter.ForkedBooter.execute(ForkedBooter.java:162)\n\tat org.apache.maven.surefire.booter.ForkedBooter.run(ForkedBooter.java:507)\n\tat org.apache.maven.surefire.booter.ForkedBooter.main(ForkedBooter.java:495)\nCaused by: org.openqa.selenium.NoSuchElementException: Unable to locate element: [class=\"Subprojects__limitWidth--Xw\"]\nFor documentation on this error, please visit: https://www.selenium.dev/documentation/webdriver/troubleshooting/errors#no-such-element-exception\nBuild info: version: '4.13.0', revision: 'ba948ece5b*'\nSystem info: os.name: 'Linux', os.arch: 'amd64', os.version: '6.11.0-1015-azure', java.version: '17.0.15'\nDriver info: org.openqa.selenium.remote.RemoteWebDriver\nCommand: [c879aa8a-d240-4ded-bbb4-d48e9aa139a8, findElement {using=css selector, value=[class=\"Subprojects__limitWidth--Xw\"]}]\nCapabilities {acceptInsecureCerts: true, browserName: firefox, browserVersion: 89.0, moz:accessibilityChecks: false, moz:buildID: 20210527174632, moz:debuggerAddress: localhost:33351, moz:geckodriverVersion: 0.29.1, moz:headless: false, moz:processID: 86, moz:profile: /tmp/rust_mozprofileorJtUH, moz:shutdownTimeout: 60000, moz:useNonSpecCompliantPointerOrigin: false, moz:webdriverClick: true, pageLoadStrategy: normal, platformName: linux, platformVersion: 6.11.0-1015-azure, se:cdp: ws://172.17.0.1:4444/devtoo..., se:cdpVersion: 89.0, setWindowRect: true, strictFileInteractability: false, timeouts: {implicit: 0, pageLoad: 300000, script: 30000}, unhandledPromptBehavior: accept}\nSession ID: c879aa8a-d240-4ded-bbb4-d48e9aa139a8\n\tat jdk.internal.reflect.GeneratedConstructorAccessor18.newInstance(Unknown Source)\n\tat java.base/jdk.internal.reflect.DelegatingConstructorAccessorImpl.newInstance(DelegatingConstructorAccessorImpl.java:45)\n\tat java.base/java.lang.reflect.Constructor.newInstanceWithCaller(Constructor.java:500)\n\tat java.base/java.lang.reflect.Constructor.newInstance(Constructor.java:481)\n\tat org.openqa.selenium.remote.codec.w3c.W3CHttpResponseCodec.createException(W3CHttpResponseCodec.java:200)\n\tat org.openqa.selenium.remote.codec.w3c.W3CHttpResponseCodec.decode(W3CHttpResponseCodec.java:133)\n\tat org.openqa.selenium.remote.codec.w3c.W3CHttpResponseCodec.decode(W3CHttpResponseCodec.java:52)\n\tat org.openqa.selenium.remote.HttpCommandExecutor.execute(HttpCommandExecutor.java:191)\n\tat org.openqa.selenium.remote.RemoteWebDriver.execute(RemoteWebDriver.java:602)\n\tat org.openqa.selenium.remote.ElementLocation$ElementFinder$2.findElement(ElementLocation.java:165)\n\tat org.openqa.selenium.remote.ElementLocation.findElement(ElementLocation.java:59)\n\tat org.openqa.selenium.remote.RemoteWebDriver.findElement(RemoteWebDriver.java:359)\n\tat org.openqa.selenium.remote.RemoteWebDriver.findElement(RemoteWebDriver.java:353)\n\tat com.codeborne.selenide.impl.WebElementSelector.findElement(WebElementSelector.java:70)\n\tat com.codeborne.selenide.impl.WebElementSelector.findElement(WebElementSelector.java:44)\n\tat com.codeborne.selenide.impl.WebElementSelector.findElement(WebElementSelector.java:33)\n\tat com.codeborne.selenide.impl.ElementFinder.getWebElement(ElementFinder.java:122)\n\tat com.codeborne.selenide.impl.WebElementSource.checkConditionAndReturnElement(WebElementSource.java:116)\n\t... 40 more\n","flaky":false,"newFailed":false,"newBroken":false,"newPassed":false,"retriesCount":0,"retriesStatusChange":false,"beforeStages":[{"name":"beforeTest","time":{"start":1750427072777,"stop":1750427072777,"duration":0},"description":"","status":"passed","steps":[],"attachments":[],"parameters":[],"shouldDisplayMessage":false,"stepsCount":0,"attachmentsCount":0,"hasContent":false}],"testStage":{"status":"failed","statusMessage":"Element not found {[class=\"Subprojects__limitWidth--Xw\"]}\nExpected: text \"test_sxOYTMalqg\"\nScreenshot: file:/home/runner/work/Teamcity-Testing-Project/Teamcity-Testing-Project/target/surefire-reports/1750427085545.2.png\nPage source: file:/home/runner/work/Teamcity-Testing-Project/Teamcity-Testing-Project/target/surefire-reports/1750427085545.2.html\nTimeout: 10 s.\nCaused by: NoSuchElementException: Unable to locate element: [class=\"Subprojects__limitWidth--Xw\"]","statusTrace":"Element not found {[class=\"Subprojects__limitWidth--Xw\"]}\nExpected: text \"test_sxOYTMalqg\"\nScreenshot: file:/home/runner/work/Teamcity-Testing-Project/Teamcity-Testing-Project/target/surefire-reports/1750427085545.2.png\nPage source: file:/home/runner/work/Teamcity-Testing-Project/Teamcity-Testing-Project/target/surefire-reports/1750427085545.2.html\nTimeout: 10 s.\nCaused by: NoSuchElementException: Unable to locate element: [class=\"Subprojects__limitWidth--Xw\"]\n\tat com.codeborne.selenide.impl.WebElementSource.createElementNotFoundError(WebElementSource.java:91)\n\tat com.codeborne.selenide.impl.ElementFinder.createElementNotFoundError(ElementFinder.java:142)\n\tat com.codeborne.selenide.impl.WebElementSource.handleError(WebElementSource.java:143)\n\tat com.codeborne.selenide.impl.WebElementSource.checkConditionAndReturnElement(WebElementSource.java:127)\n\tat com.codeborne.selenide.impl.WebElementSource.checkCondition(WebElementSource.java:104)\n\tat com.codeborne.selenide.commands.Should.execute(Should.java:30)\n\tat com.codeborne.selenide.commands.Should.execute(Should.java:14)\n\tat com.codeborne.selenide.commands.Commands.execute(Commands.java:161)\n\tat com.codeborne.selenide.impl.SelenideElementProxy.dispatchAndRetry(SelenideElementProxy.java:132)\n\tat com.codeborne.selenide.impl.SelenideElementProxy.invoke(SelenideElementProxy.java:84)\n\tat jdk.proxy2/jdk.proxy2.$Proxy42.shouldHave(Unknown Source)\n\tat com.example.teamcity.ui.CreateNewBuildConfigurationTest.authorizedUserShouldNotBeAbleToCreateNewBuildConfigurationWithoutAName(CreateNewBuildConfigurationTest.java:68)\n\tat java.base/jdk.internal.reflect.NativeMethodAccessorImpl.invoke0(Native Method)\n\tat java.base/jdk.internal.reflect.NativeMethodAccessorImpl.invoke(NativeMethodAccessorImpl.java:77)\n\tat java.base/jdk.internal.reflect.DelegatingMethodAccessorImpl.invoke(DelegatingMethodAccessorImpl.java:43)\n\tat java.base/java.lang.reflect.Method.invoke(Method.java:569)\n\tat org.testng.internal.invokers.MethodInvocationHelper.invokeMethod(MethodInvocationHelper.java:139)\n\tat org.testng.internal.invokers.TestInvoker.invokeMethod(TestInvoker.java:677)\n\tat org.testng.internal.invokers.TestInvoker.invokeTestMethod(TestInvoker.java:221)\n\tat org.testng.internal.invokers.MethodRunner.runInSequence(MethodRunner.java:50)\n\tat org.testng.internal.invokers.TestInvoker$MethodInvocationAgent.invoke(TestInvoker.java:969)\n\tat org.testng.internal.invokers.TestInvoker.invokeTestMethods(TestInvoker.java:194)\n\tat org.testng.internal.invokers.TestMethodWorker.invokeTestMethods(TestMethodWorker.java:148)\n\tat org.testng.internal.invokers.TestMethodWorker.run(TestMethodWorker.java:128)\n\tat java.base/java.util.ArrayList.forEach(ArrayList.java:1511)\n\tat org.testng.TestRunner.privateRun(TestRunner.java:829)\n\tat org.testng.TestRunner.run(TestRunner.java:602)\n\tat org.testng.SuiteRunner.runTest(SuiteRunner.java:437)\n\tat org.testng.SuiteRunner.runSequentially(SuiteRunner.java:431)\n\tat org.testng.SuiteRunner.privateRun(SuiteRunner.java:391)\n\tat org.testng.SuiteRunner.run(SuiteRunner.java:330)\n\tat org.testng.SuiteRunnerWorker.runSuite(SuiteRunnerWorker.java:52)\n\tat org.testng.SuiteRunnerWorker.run(SuiteRunnerWorker.java:95)\n\tat org.testng.TestNG.runSuitesSequentially(TestNG.java:1256)\n\tat org.testng.TestNG.runSuitesLocally(TestNG.java:1176)\n\tat org.testng.TestNG.runSuites(TestNG.java:1099)\n\tat org.testng.TestNG.run(TestNG.java:1067)\n\tat org.apache.maven.surefire.testng.TestNGExecutor.run(TestNGExecutor.java:308)\n\tat org.apache.maven.surefire.testng.TestNGXmlTestSuite.execute(TestNGXmlTestSuite.java:71)\n\tat org.apache.maven.surefire.testng.TestNGProvider.invoke(TestNGProvider.java:113)\n\tat org.apache.maven.surefire.booter.ForkedBooter.runSuitesInProcess(ForkedBooter.java:385)\n\tat org.apache.maven.surefire.booter.ForkedBooter.execute(ForkedBooter.java:162)\n\tat org.apache.maven.surefire.booter.ForkedBooter.run(ForkedBooter.java:507)\n\tat org.apache.maven.surefire.booter.ForkedBooter.main(ForkedBooter.java:495)\nCaused by: org.openqa.selenium.NoSuchElementException: Unable to locate element: [class=\"Subprojects__limitWidth--Xw\"]\nFor documentation on this error, please visit: https://www.selenium.dev/documentation/webdriver/troubleshooting/errors#no-such-element-exception\nBuild info: version: '4.13.0', revision: 'ba948ece5b*'\nSystem info: os.name: 'Linux', os.arch: 'amd64', os.version: '6.11.0-1015-azure', java.version: '17.0.15'\nDriver info: org.openqa.selenium.remote.RemoteWebDriver\nCommand: [c879aa8a-d240-4ded-bbb4-d48e9aa139a8, findElement {using=css selector, value=[class=\"Subprojects__limitWidth--Xw\"]}]\nCapabilities {acceptInsecureCerts: true, browserName: firefox, browserVersion: 89.0, moz:accessibilityChecks: false, moz:buildID: 20210527174632, moz:debuggerAddress: localhost:33351, moz:geckodriverVersion: 0.29.1, moz:headless: false, moz:processID: 86, moz:profile: /tmp/rust_mozprofileorJtUH, moz:shutdownTimeout: 60000, moz:useNonSpecCompliantPointerOrigin: false, moz:webdriverClick: true, pageLoadStrategy: normal, platformName: linux, platformVersion: 6.11.0-1015-azure, se:cdp: ws://172.17.0.1:4444/devtoo..., se:cdpVersion: 89.0, setWindowRect: true, strictFileInteractability: false, timeouts: {implicit: 0, pageLoad: 300000, script: 30000}, unhandledPromptBehavior: accept}\nSession ID: c879aa8a-d240-4ded-bbb4-d48e9aa139a8\n\tat jdk.internal.reflect.GeneratedConstructorAccessor18.newInstance(Unknown Source)\n\tat java.base/jdk.internal.reflect.DelegatingConstructorAccessorImpl.newInstance(DelegatingConstructorAccessorImpl.java:45)\n\tat java.base/java.lang.reflect.Constructor.newInstanceWithCaller(Constructor.java:500)\n\tat java.base/java.lang.reflect.Constructor.newInstance(Constructor.java:481)\n\tat org.openqa.selenium.remote.codec.w3c.W3CHttpResponseCodec.createException(W3CHttpResponseCodec.java:200)\n\tat org.openqa.selenium.remote.codec.w3c.W3CHttpResponseCodec.decode(W3CHttpResponseCodec.java:133)\n\tat org.openqa.selenium.remote.codec.w3c.W3CHttpResponseCodec.decode(W3CHttpResponseCodec.java:52)\n\tat org.openqa.selenium.remote.HttpCommandExecutor.execute(HttpCommandExecutor.java:191)\n\tat org.openqa.selenium.remote.RemoteWebDriver.execute(RemoteWebDriver.java:602)\n\tat org.openqa.selenium.remote.ElementLocation$ElementFinder$2.findElement(ElementLocation.java:165)\n\tat org.openqa.selenium.remote.ElementLocation.findElement(ElementLocation.java:59)\n\tat org.openqa.selenium.remote.RemoteWebDriver.findElement(RemoteWebDriver.java:359)\n\tat org.openqa.selenium.remote.RemoteWebDriver.findElement(RemoteWebDriver.java:353)\n\tat com.codeborne.selenide.impl.WebElementSelector.findElement(WebElementSelector.java:70)\n\tat com.codeborne.selenide.impl.WebElementSelector.findElement(WebElementSelector.java:44)\n\tat com.codeborne.selenide.impl.WebElementSelector.findElement(WebElementSelector.java:33)\n\tat com.codeborne.selenide.impl.ElementFinder.getWebElement(ElementFinder.java:122)\n\tat com.codeborne.selenide.impl.WebElementSource.checkConditionAndReturnElement(WebElementSource.java:116)\n\t... 40 more\n","steps":[],"attachments":[{"uid":"a0b721576b7278cf","name":"Request","source":"a0b721576b7278cf.html","type":"text/html","size":1438},{"uid":"702ae6fec7a5f8b4","name":"HTTP/1.1 200 ","source":"702ae6fec7a5f8b4.html","type":"text/html","size":2154},{"uid":"d2bc95b24888ff18","name":"Request","source":"d2bc95b24888ff18.html","type":"text/html","size":1306},{"uid":"1c4c1b244edbb7ed","name":"HTTP/1.1 200 ","source":"1c4c1b244edbb7ed.html","type":"text/html","size":2225}],"parameters":[],"shouldDisplayMessage":true,"stepsCount":0,"attachmentsCount":4,"hasContent":true},"afterStages":[{"name":"afterTest","time":{"start":1750427085664,"stop":1750427085867,"duration":203},"description":"","status":"passed","steps":[],"attachments":[{"uid":"ba017f31d4e888ab","name":"Request","source":"ba017f31d4e888ab.html","type":"text/html","size":557},{"uid":"4500ba54b311f89c","name":"HTTP/1.1 404 ","source":"4500ba54b311f89c.html","type":"text/html","size":940},{"uid":"ed9a1063047dc376","name":"Request","source":"ed9a1063047dc376.html","type":"text/html","size":563},{"uid":"198f4ce296796e36","name":"HTTP/1.1 404 ","source":"198f4ce296796e36.html","type":"text/html","size":823},{"uid":"be1425390c3f0de6","name":"Request","source":"be1425390c3f0de6.html","type":"text/html","size":557},{"uid":"4e056224e2066090","name":"HTTP/1.1 404 ","source":"4e056224e2066090.html","type":"text/html","size":940},{"uid":"4eb71e87505b431e","name":"Request","source":"4eb71e87505b431e.html","type":"text/html","size":563},{"uid":"e3721498e56e6bc8","name":"HTTP/1.1 404 ","source":"e3721498e56e6bc8.html","type":"text/html","size":823},{"uid":"8fcaca97b15f2e32","name":"Request","source":"8fcaca97b15f2e32.html","type":"text/html","size":557},{"uid":"631c1f488d3582fe","name":"HTTP/1.1 204 ","source":"631c1f488d3582fe.html","type":"text/html","size":478},{"uid":"34bdbf33e3c3857a","name":"Request","source":"34bdbf33e3c3857a.html","type":"text/html","size":563},{"uid":"fa5a6d3bb6b0798f","name":"HTTP/1.1 204 ","source":"fa5a6d3bb6b0798f.html","type":"text/html","size":478}],"parameters":[],"shouldDisplayMessage":false,"stepsCount":0,"attachmentsCount":12,"hasContent":true}],"labels":[{"name":"package","value":"com.example.teamcity.ui.CreateNewBuildConfigurationTest"},{"name":"testClass","value":"com.example.teamcity.ui.CreateNewBuildConfigurationTest"},{"name":"testMethod","value":"authorizedUserShouldNotBeAbleToCreateNewBuildConfigurationWithoutAName"},{"name":"parentSuite","value":"UI Suite"},{"name":"suite","value":"UI Test"},{"name":"subSuite","value":"com.example.teamcity.ui.CreateNewBuildConfigurationTest"},{"name":"host","value":"fv-az1796-196"},{"name":"thread","value":"5822@fv-az1796-196.main(1)"},{"name":"framework","value":"testng"},{"name":"language","value":"java"},{"name":"resultFormat","value":"allure2"}],"parameters":[],"links":[],"hidden":false,"retry":false,"extra":{"severity":"normal","retries":[],"categories":[{"name":"Product defects","matchedStatuses":[],"flaky":false}],"history":{"statistic":{"failed":4,"broken":15,"skipped":0,"passed":0,"unknown":0,"total":19},"items":[{"uid":"dc54a17050192201","reportUrl":"https://levchenkoin.github.io/Teamcity-Testing-Project/94//#testresult/dc54a17050192201","status":"failed","statusDetails":"Element not found {[class=\"Subprojects__limitWidth--Xw\"]}\nExpected: text \"test_zXiBfvGlUZ\"\nScreenshot: file:/home/runner/work/Teamcity-Testing-Project/Teamcity-Testing-Project/target/surefire-reports/1750422683741.2.png\nPage source: file:/home/runner/work/Teamcity-Testing-Project/Teamcity-Testing-Project/target/surefire-reports/1750422683741.2.html\nTimeout: 10 s.\nCaused by: NoSuchElementException: Unable to locate element: [class=\"Subprojects__limitWidth--Xw\"]","time":{"start":1750422671191,"stop":1750422683964,"duration":12773}},{"uid":"d0998a4cbce63eeb","reportUrl":"https://levchenkoin.github.io/Teamcity-Testing-Project/93//#testresult/d0998a4cbce63eeb","status":"failed","statusDetails":"List size mismatch: expected: > 0, actual: 0, collection: [class=\"Subproject__container--WE\"]\nScreenshot: file:/home/runner/work/Teamcity-Testing-Project/Teamcity-Testing-Project/target/surefire-reports/1750421710289.2.png\nPage source: file:/home/runner/work/Teamcity-Testing-Project/Teamcity-Testing-Project/target/surefire-reports/1750421710289.2.html\nTimeout: 20 s.","time":{"start":1750421687535,"stop":1750421710389,"duration":22854}},{"uid":"99308200b73905e8","reportUrl":"https://levchenkoin.github.io/Teamcity-Testing-Project/92//#testresult/99308200b73905e8","status":"failed","statusDetails":"List size mismatch: expected: > 0, actual: 0, collection: [class=\"Subproject__container--WE\"]\nScreenshot: file:/home/runner/work/Teamcity-Testing-Project/Teamcity-Testing-Project/target/surefire-reports/1750419551705.2.png\nPage source: file:/home/runner/work/Teamcity-Testing-Project/Teamcity-Testing-Project/target/surefire-reports/1750419551705.2.html\nTimeout: 10 s.","time":{"start":1750419538786,"stop":1750419551811,"duration":13025}},{"uid":"fe2a6fd0516e56a8","reportUrl":"https://levchenkoin.github.io/Teamcity-Testing-Project/91//#testresult/fe2a6fd0516e56a8","status":"broken","statusDetails":"No value present","time":{"start":1750416067321,"stop":1750416070961,"duration":3640}},{"uid":"404a42c5a55dda39","reportUrl":"https://levchenkoin.github.io/Teamcity-Testing-Project/90//#testresult/404a42c5a55dda39","status":"broken","statusDetails":"No value present","time":{"start":1750415504570,"stop":1750415507393,"duration":2823}},{"uid":"9d7a17fc829d255d","reportUrl":"https://levchenkoin.github.io/Teamcity-Testing-Project/89//#testresult/9d7a17fc829d255d","status":"broken","statusDetails":"No value present","time":{"start":1750413396387,"stop":1750413399194,"duration":2807}},{"uid":"7198f3d8b0413fe5","reportUrl":"https://levchenkoin.github.io/Teamcity-Testing-Project/88//#testresult/7198f3d8b0413fe5","status":"broken","statusDetails":"No value present","time":{"start":1748612547774,"stop":1748612550992,"duration":3218}},{"uid":"126f6072eddcc76d","reportUrl":"https://levchenkoin.github.io/Teamcity-Testing-Project/87//#testresult/126f6072eddcc76d","status":"broken","statusDetails":"No value present","time":{"start":1748611024105,"stop":1748611027482,"duration":3377}},{"uid":"ab75d5197211b2","reportUrl":"https://levchenkoin.github.io/Teamcity-Testing-Project/86//#testresult/ab75d5197211b2","status":"broken","statusDetails":"No value present","time":{"start":1748610274916,"stop":1748610278407,"duration":3491}},{"uid":"a642b60106b3936f","reportUrl":"https://levchenkoin.github.io/Teamcity-Testing-Project/85//#testresult/a642b60106b3936f","status":"broken","statusDetails":"No value present","time":{"start":1748605547560,"stop":1748605550740,"duration":3180}},{"uid":"459474d3c1d8b0ae","reportUrl":"https://levchenkoin.github.io/Teamcity-Testing-Project/84//#testresult/459474d3c1d8b0ae","status":"broken","statusDetails":"No value present","time":{"start":1748605018439,"stop":1748605022176,"duration":3737}},{"uid":"26c5fce2e38c8414","reportUrl":"https://levchenkoin.github.io/Teamcity-Testing-Project/83//#testresult/26c5fce2e38c8414","status":"broken","statusDetails":"No value present","time":{"start":1747416450040,"stop":1747416453259,"duration":3219}},{"uid":"3f348ae7b4a855e6","reportUrl":"https://levchenkoin.github.io/Teamcity-Testing-Project/82//#testresult/3f348ae7b4a855e6","status":"broken","statusDetails":"No value present","time":{"start":1747415830123,"stop":1747415833514,"duration":3391}},{"uid":"999f74f5b87d4f84","reportUrl":"https://levchenkoin.github.io/Teamcity-Testing-Project/81//#testresult/999f74f5b87d4f84","status":"broken","statusDetails":"No value present","time":{"start":1747335959384,"stop":1747335962727,"duration":3343}},{"uid":"dceb10c558d8d3c4","reportUrl":"https://levchenkoin.github.io/Teamcity-Testing-Project/78//#testresult/dceb10c558d8d3c4","status":"broken","statusDetails":"No value present","time":{"start":1747242161819,"stop":1747242165608,"duration":3789}},{"uid":"e065f44a3f19d8ad","reportUrl":"https://levchenkoin.github.io/Teamcity-Testing-Project/77//#testresult/e065f44a3f19d8ad","status":"broken","statusDetails":"No value present","time":{"start":1747240633510,"stop":1747240636840,"duration":3330}},{"uid":"5e00ea432b89e1a7","reportUrl":"https://levchenkoin.github.io/Teamcity-Testing-Project/76//#testresult/5e00ea432b89e1a7","status":"broken","statusDetails":"No value present","time":{"start":1747237661039,"stop":1747237664348,"duration":3309}},{"uid":"bcdc610aab504158","reportUrl":"https://levchenkoin.github.io/Teamcity-Testing-Project/75//#testresult/bcdc610aab504158","status":"broken","statusDetails":"No value present","time":{"start":1747227114732,"stop":1747227118561,"duration":3829}}]},"tags":[]},"source":"79b1a4c4497017e7.json","parameterValues":[]}