{"uid":"55b05a28fda203ef","name":"authorizedUserShouldBeAbleCreateNewProject","fullName":"com.example.teamcity.ui.CreateNewProjectTest.authorizedUserShouldBeAbleCreateNewProject","historyId":"25a6c8820f7ded508950a9b5fd9f3a26","time":{"start":1750422611289,"stop":1750422657604,"duration":46315},"status":"failed","statusMessage":"Element not found {[class=\"Subprojects__limitWidth--Xw\"]}\nExpected: text \"test_llkISpFqEt\"\nScreenshot: file:/home/runner/work/Teamcity-Testing-Project/Teamcity-Testing-Project/target/surefire-reports/1750422657464.0.png\nPage source: file:/home/runner/work/Teamcity-Testing-Project/Teamcity-Testing-Project/target/surefire-reports/1750422657464.0.html\nTimeout: 10 s.\nCaused by: NoSuchElementException: Unable to locate element: [class=\"Subprojects__limitWidth--Xw\"]","statusTrace":"Element not found {[class=\"Subprojects__limitWidth--Xw\"]}\nExpected: text \"test_llkISpFqEt\"\nScreenshot: file:/home/runner/work/Teamcity-Testing-Project/Teamcity-Testing-Project/target/surefire-reports/1750422657464.0.png\nPage source: file:/home/runner/work/Teamcity-Testing-Project/Teamcity-Testing-Project/target/surefire-reports/1750422657464.0.html\nTimeout: 10 s.\nCaused by: NoSuchElementException: Unable to locate element: [class=\"Subprojects__limitWidth--Xw\"]\n\tat com.codeborne.selenide.impl.WebElementSource.createElementNotFoundError(WebElementSource.java:91)\n\tat com.codeborne.selenide.impl.ElementFinder.createElementNotFoundError(ElementFinder.java:142)\n\tat com.codeborne.selenide.impl.WebElementSource.handleError(WebElementSource.java:143)\n\tat com.codeborne.selenide.impl.WebElementSource.checkConditionAndReturnElement(WebElementSource.java:127)\n\tat com.codeborne.selenide.impl.WebElementSource.checkCondition(WebElementSource.java:104)\n\tat com.codeborne.selenide.commands.Should.execute(Should.java:30)\n\tat com.codeborne.selenide.commands.Should.execute(Should.java:14)\n\tat com.codeborne.selenide.commands.Commands.execute(Commands.java:161)\n\tat com.codeborne.selenide.impl.SelenideElementProxy.dispatchAndRetry(SelenideElementProxy.java:132)\n\tat com.codeborne.selenide.impl.SelenideElementProxy.invoke(SelenideElementProxy.java:84)\n\tat jdk.proxy2/jdk.proxy2.$Proxy42.shouldHave(Unknown Source)\n\tat com.example.teamcity.ui.CreateNewProjectTest.authorizedUserShouldBeAbleCreateNewProject(CreateNewProjectTest.java:24)\n\tat java.base/jdk.internal.reflect.NativeMethodAccessorImpl.invoke0(Native Method)\n\tat java.base/jdk.internal.reflect.NativeMethodAccessorImpl.invoke(NativeMethodAccessorImpl.java:77)\n\tat java.base/jdk.internal.reflect.DelegatingMethodAccessorImpl.invoke(DelegatingMethodAccessorImpl.java:43)\n\tat java.base/java.lang.reflect.Method.invoke(Method.java:569)\n\tat org.testng.internal.invokers.MethodInvocationHelper.invokeMethod(MethodInvocationHelper.java:139)\n\tat org.testng.internal.invokers.TestInvoker.invokeMethod(TestInvoker.java:677)\n\tat org.testng.internal.invokers.TestInvoker.invokeTestMethod(TestInvoker.java:221)\n\tat org.testng.internal.invokers.MethodRunner.runInSequence(MethodRunner.java:50)\n\tat org.testng.internal.invokers.TestInvoker$MethodInvocationAgent.invoke(TestInvoker.java:969)\n\tat org.testng.internal.invokers.TestInvoker.invokeTestMethods(TestInvoker.java:194)\n\tat org.testng.internal.invokers.TestMethodWorker.invokeTestMethods(TestMethodWorker.java:148)\n\tat org.testng.internal.invokers.TestMethodWorker.run(TestMethodWorker.java:128)\n\tat java.base/java.util.ArrayList.forEach(ArrayList.java:1511)\n\tat org.testng.TestRunner.privateRun(TestRunner.java:829)\n\tat org.testng.TestRunner.run(TestRunner.java:602)\n\tat org.testng.SuiteRunner.runTest(SuiteRunner.java:437)\n\tat org.testng.SuiteRunner.runSequentially(SuiteRunner.java:431)\n\tat org.testng.SuiteRunner.privateRun(SuiteRunner.java:391)\n\tat org.testng.SuiteRunner.run(SuiteRunner.java:330)\n\tat org.testng.SuiteRunnerWorker.runSuite(SuiteRunnerWorker.java:52)\n\tat org.testng.SuiteRunnerWorker.run(SuiteRunnerWorker.java:95)\n\tat org.testng.TestNG.runSuitesSequentially(TestNG.java:1256)\n\tat org.testng.TestNG.runSuitesLocally(TestNG.java:1176)\n\tat org.testng.TestNG.runSuites(TestNG.java:1099)\n\tat org.testng.TestNG.run(TestNG.java:1067)\n\tat org.apache.maven.surefire.testng.TestNGExecutor.run(TestNGExecutor.java:308)\n\tat org.apache.maven.surefire.testng.TestNGXmlTestSuite.execute(TestNGXmlTestSuite.java:71)\n\tat org.apache.maven.surefire.testng.TestNGProvider.invoke(TestNGProvider.java:113)\n\tat org.apache.maven.surefire.booter.ForkedBooter.runSuitesInProcess(ForkedBooter.java:385)\n\tat org.apache.maven.surefire.booter.ForkedBooter.execute(ForkedBooter.java:162)\n\tat org.apache.maven.surefire.booter.ForkedBooter.run(ForkedBooter.java:507)\n\tat org.apache.maven.surefire.booter.ForkedBooter.main(ForkedBooter.java:495)\nCaused by: org.openqa.selenium.NoSuchElementException: Unable to locate element: [class=\"Subprojects__limitWidth--Xw\"]\nFor documentation on this error, please visit: https://www.selenium.dev/documentation/webdriver/troubleshooting/errors#no-such-element-exception\nBuild info: version: '4.13.0', revision: 'ba948ece5b*'\nSystem info: os.name: 'Linux', os.arch: 'amd64', os.version: '6.11.0-1015-azure', java.version: '17.0.15'\nDriver info: org.openqa.selenium.remote.RemoteWebDriver\nCommand: [67a6bcfe-ceb8-4bf5-bca2-3a370a0833e8, findElement {using=css selector, value=[class=\"Subprojects__limitWidth--Xw\"]}]\nCapabilities {acceptInsecureCerts: true, browserName: firefox, browserVersion: 89.0, moz:accessibilityChecks: false, moz:buildID: 20210527174632, moz:debuggerAddress: localhost:33163, moz:geckodriverVersion: 0.29.1, moz:headless: false, moz:processID: 91, moz:profile: /tmp/rust_mozprofile682Jx6, moz:shutdownTimeout: 60000, moz:useNonSpecCompliantPointerOrigin: false, moz:webdriverClick: true, pageLoadStrategy: normal, platformName: linux, platformVersion: 6.11.0-1015-azure, se:cdp: ws://172.17.0.1:4444/devtoo..., se:cdpVersion: 89.0, setWindowRect: true, strictFileInteractability: false, timeouts: {implicit: 0, pageLoad: 300000, script: 30000}, unhandledPromptBehavior: accept}\nSession ID: 67a6bcfe-ceb8-4bf5-bca2-3a370a0833e8\n\tat jdk.internal.reflect.GeneratedConstructorAccessor18.newInstance(Unknown Source)\n\tat java.base/jdk.internal.reflect.DelegatingConstructorAccessorImpl.newInstance(DelegatingConstructorAccessorImpl.java:45)\n\tat java.base/java.lang.reflect.Constructor.newInstanceWithCaller(Constructor.java:500)\n\tat java.base/java.lang.reflect.Constructor.newInstance(Constructor.java:481)\n\tat org.openqa.selenium.remote.codec.w3c.W3CHttpResponseCodec.createException(W3CHttpResponseCodec.java:200)\n\tat org.openqa.selenium.remote.codec.w3c.W3CHttpResponseCodec.decode(W3CHttpResponseCodec.java:133)\n\tat org.openqa.selenium.remote.codec.w3c.W3CHttpResponseCodec.decode(W3CHttpResponseCodec.java:52)\n\tat org.openqa.selenium.remote.HttpCommandExecutor.execute(HttpCommandExecutor.java:191)\n\tat org.openqa.selenium.remote.RemoteWebDriver.execute(RemoteWebDriver.java:602)\n\tat org.openqa.selenium.remote.ElementLocation$ElementFinder$2.findElement(ElementLocation.java:165)\n\tat org.openqa.selenium.remote.ElementLocation.findElement(ElementLocation.java:59)\n\tat org.openqa.selenium.remote.RemoteWebDriver.findElement(RemoteWebDriver.java:359)\n\tat org.openqa.selenium.remote.RemoteWebDriver.findElement(RemoteWebDriver.java:353)\n\tat com.codeborne.selenide.impl.WebElementSelector.findElement(WebElementSelector.java:70)\n\tat com.codeborne.selenide.impl.WebElementSelector.findElement(WebElementSelector.java:44)\n\tat com.codeborne.selenide.impl.WebElementSelector.findElement(WebElementSelector.java:33)\n\tat com.codeborne.selenide.impl.ElementFinder.getWebElement(ElementFinder.java:122)\n\tat com.codeborne.selenide.impl.WebElementSource.checkConditionAndReturnElement(WebElementSource.java:116)\n\t... 40 more\n","flaky":false,"newFailed":false,"newBroken":false,"newPassed":false,"retriesCount":0,"retriesStatusChange":false,"beforeStages":[{"name":"beforeTest","time":{"start":1750422610634,"stop":1750422611131,"duration":497},"description":"","status":"passed","steps":[],"attachments":[],"parameters":[],"shouldDisplayMessage":false,"stepsCount":0,"attachmentsCount":0,"hasContent":false}],"testStage":{"status":"failed","statusMessage":"Element not found {[class=\"Subprojects__limitWidth--Xw\"]}\nExpected: text \"test_llkISpFqEt\"\nScreenshot: file:/home/runner/work/Teamcity-Testing-Project/Teamcity-Testing-Project/target/surefire-reports/1750422657464.0.png\nPage source: file:/home/runner/work/Teamcity-Testing-Project/Teamcity-Testing-Project/target/surefire-reports/1750422657464.0.html\nTimeout: 10 s.\nCaused by: NoSuchElementException: Unable to locate element: [class=\"Subprojects__limitWidth--Xw\"]","statusTrace":"Element not found {[class=\"Subprojects__limitWidth--Xw\"]}\nExpected: text \"test_llkISpFqEt\"\nScreenshot: file:/home/runner/work/Teamcity-Testing-Project/Teamcity-Testing-Project/target/surefire-reports/1750422657464.0.png\nPage source: file:/home/runner/work/Teamcity-Testing-Project/Teamcity-Testing-Project/target/surefire-reports/1750422657464.0.html\nTimeout: 10 s.\nCaused by: NoSuchElementException: Unable to locate element: [class=\"Subprojects__limitWidth--Xw\"]\n\tat com.codeborne.selenide.impl.WebElementSource.createElementNotFoundError(WebElementSource.java:91)\n\tat com.codeborne.selenide.impl.ElementFinder.createElementNotFoundError(ElementFinder.java:142)\n\tat com.codeborne.selenide.impl.WebElementSource.handleError(WebElementSource.java:143)\n\tat com.codeborne.selenide.impl.WebElementSource.checkConditionAndReturnElement(WebElementSource.java:127)\n\tat com.codeborne.selenide.impl.WebElementSource.checkCondition(WebElementSource.java:104)\n\tat com.codeborne.selenide.commands.Should.execute(Should.java:30)\n\tat com.codeborne.selenide.commands.Should.execute(Should.java:14)\n\tat com.codeborne.selenide.commands.Commands.execute(Commands.java:161)\n\tat com.codeborne.selenide.impl.SelenideElementProxy.dispatchAndRetry(SelenideElementProxy.java:132)\n\tat com.codeborne.selenide.impl.SelenideElementProxy.invoke(SelenideElementProxy.java:84)\n\tat jdk.proxy2/jdk.proxy2.$Proxy42.shouldHave(Unknown Source)\n\tat com.example.teamcity.ui.CreateNewProjectTest.authorizedUserShouldBeAbleCreateNewProject(CreateNewProjectTest.java:24)\n\tat java.base/jdk.internal.reflect.NativeMethodAccessorImpl.invoke0(Native Method)\n\tat java.base/jdk.internal.reflect.NativeMethodAccessorImpl.invoke(NativeMethodAccessorImpl.java:77)\n\tat java.base/jdk.internal.reflect.DelegatingMethodAccessorImpl.invoke(DelegatingMethodAccessorImpl.java:43)\n\tat java.base/java.lang.reflect.Method.invoke(Method.java:569)\n\tat org.testng.internal.invokers.MethodInvocationHelper.invokeMethod(MethodInvocationHelper.java:139)\n\tat org.testng.internal.invokers.TestInvoker.invokeMethod(TestInvoker.java:677)\n\tat org.testng.internal.invokers.TestInvoker.invokeTestMethod(TestInvoker.java:221)\n\tat org.testng.internal.invokers.MethodRunner.runInSequence(MethodRunner.java:50)\n\tat org.testng.internal.invokers.TestInvoker$MethodInvocationAgent.invoke(TestInvoker.java:969)\n\tat org.testng.internal.invokers.TestInvoker.invokeTestMethods(TestInvoker.java:194)\n\tat org.testng.internal.invokers.TestMethodWorker.invokeTestMethods(TestMethodWorker.java:148)\n\tat org.testng.internal.invokers.TestMethodWorker.run(TestMethodWorker.java:128)\n\tat java.base/java.util.ArrayList.forEach(ArrayList.java:1511)\n\tat org.testng.TestRunner.privateRun(TestRunner.java:829)\n\tat org.testng.TestRunner.run(TestRunner.java:602)\n\tat org.testng.SuiteRunner.runTest(SuiteRunner.java:437)\n\tat org.testng.SuiteRunner.runSequentially(SuiteRunner.java:431)\n\tat org.testng.SuiteRunner.privateRun(SuiteRunner.java:391)\n\tat org.testng.SuiteRunner.run(SuiteRunner.java:330)\n\tat org.testng.SuiteRunnerWorker.runSuite(SuiteRunnerWorker.java:52)\n\tat org.testng.SuiteRunnerWorker.run(SuiteRunnerWorker.java:95)\n\tat org.testng.TestNG.runSuitesSequentially(TestNG.java:1256)\n\tat org.testng.TestNG.runSuitesLocally(TestNG.java:1176)\n\tat org.testng.TestNG.runSuites(TestNG.java:1099)\n\tat org.testng.TestNG.run(TestNG.java:1067)\n\tat org.apache.maven.surefire.testng.TestNGExecutor.run(TestNGExecutor.java:308)\n\tat org.apache.maven.surefire.testng.TestNGXmlTestSuite.execute(TestNGXmlTestSuite.java:71)\n\tat org.apache.maven.surefire.testng.TestNGProvider.invoke(TestNGProvider.java:113)\n\tat org.apache.maven.surefire.booter.ForkedBooter.runSuitesInProcess(ForkedBooter.java:385)\n\tat org.apache.maven.surefire.booter.ForkedBooter.execute(ForkedBooter.java:162)\n\tat org.apache.maven.surefire.booter.ForkedBooter.run(ForkedBooter.java:507)\n\tat org.apache.maven.surefire.booter.ForkedBooter.main(ForkedBooter.java:495)\nCaused by: org.openqa.selenium.NoSuchElementException: Unable to locate element: [class=\"Subprojects__limitWidth--Xw\"]\nFor documentation on this error, please visit: https://www.selenium.dev/documentation/webdriver/troubleshooting/errors#no-such-element-exception\nBuild info: version: '4.13.0', revision: 'ba948ece5b*'\nSystem info: os.name: 'Linux', os.arch: 'amd64', os.version: '6.11.0-1015-azure', java.version: '17.0.15'\nDriver info: org.openqa.selenium.remote.RemoteWebDriver\nCommand: [67a6bcfe-ceb8-4bf5-bca2-3a370a0833e8, findElement {using=css selector, value=[class=\"Subprojects__limitWidth--Xw\"]}]\nCapabilities {acceptInsecureCerts: true, browserName: firefox, browserVersion: 89.0, moz:accessibilityChecks: false, moz:buildID: 20210527174632, moz:debuggerAddress: localhost:33163, moz:geckodriverVersion: 0.29.1, moz:headless: false, moz:processID: 91, moz:profile: /tmp/rust_mozprofile682Jx6, moz:shutdownTimeout: 60000, moz:useNonSpecCompliantPointerOrigin: false, moz:webdriverClick: true, pageLoadStrategy: normal, platformName: linux, platformVersion: 6.11.0-1015-azure, se:cdp: ws://172.17.0.1:4444/devtoo..., se:cdpVersion: 89.0, setWindowRect: true, strictFileInteractability: false, timeouts: {implicit: 0, pageLoad: 300000, script: 30000}, unhandledPromptBehavior: accept}\nSession ID: 67a6bcfe-ceb8-4bf5-bca2-3a370a0833e8\n\tat jdk.internal.reflect.GeneratedConstructorAccessor18.newInstance(Unknown Source)\n\tat java.base/jdk.internal.reflect.DelegatingConstructorAccessorImpl.newInstance(DelegatingConstructorAccessorImpl.java:45)\n\tat java.base/java.lang.reflect.Constructor.newInstanceWithCaller(Constructor.java:500)\n\tat java.base/java.lang.reflect.Constructor.newInstance(Constructor.java:481)\n\tat org.openqa.selenium.remote.codec.w3c.W3CHttpResponseCodec.createException(W3CHttpResponseCodec.java:200)\n\tat org.openqa.selenium.remote.codec.w3c.W3CHttpResponseCodec.decode(W3CHttpResponseCodec.java:133)\n\tat org.openqa.selenium.remote.codec.w3c.W3CHttpResponseCodec.decode(W3CHttpResponseCodec.java:52)\n\tat org.openqa.selenium.remote.HttpCommandExecutor.execute(HttpCommandExecutor.java:191)\n\tat org.openqa.selenium.remote.RemoteWebDriver.execute(RemoteWebDriver.java:602)\n\tat org.openqa.selenium.remote.ElementLocation$ElementFinder$2.findElement(ElementLocation.java:165)\n\tat org.openqa.selenium.remote.ElementLocation.findElement(ElementLocation.java:59)\n\tat org.openqa.selenium.remote.RemoteWebDriver.findElement(RemoteWebDriver.java:359)\n\tat org.openqa.selenium.remote.RemoteWebDriver.findElement(RemoteWebDriver.java:353)\n\tat com.codeborne.selenide.impl.WebElementSelector.findElement(WebElementSelector.java:70)\n\tat com.codeborne.selenide.impl.WebElementSelector.findElement(WebElementSelector.java:44)\n\tat com.codeborne.selenide.impl.WebElementSelector.findElement(WebElementSelector.java:33)\n\tat com.codeborne.selenide.impl.ElementFinder.getWebElement(ElementFinder.java:122)\n\tat com.codeborne.selenide.impl.WebElementSource.checkConditionAndReturnElement(WebElementSource.java:116)\n\t... 40 more\n","steps":[],"attachments":[{"uid":"aba9399ee469790","name":"Request","source":"aba9399ee469790.html","type":"text/html","size":1438},{"uid":"eb3dd9a2b116d3ff","name":"HTTP/1.1 200 ","source":"eb3dd9a2b116d3ff.html","type":"text/html","size":2154}],"parameters":[],"shouldDisplayMessage":true,"stepsCount":0,"attachmentsCount":2,"hasContent":true},"afterStages":[{"name":"afterTest","time":{"start":1750422657619,"stop":1750422657714,"duration":95},"description":"","status":"passed","steps":[],"attachments":[{"uid":"431f0ed890e1ac9f","name":"Request","source":"431f0ed890e1ac9f.html","type":"text/html","size":557},{"uid":"74c8642f7262c0dd","name":"HTTP/1.1 404 ","source":"74c8642f7262c0dd.html","type":"text/html","size":940},{"uid":"beee9fc2e4d75c5e","name":"Request","source":"beee9fc2e4d75c5e.html","type":"text/html","size":563},{"uid":"4c66de099f9002ae","name":"HTTP/1.1 204 ","source":"4c66de099f9002ae.html","type":"text/html","size":478}],"parameters":[],"shouldDisplayMessage":false,"stepsCount":0,"attachmentsCount":4,"hasContent":true}],"labels":[{"name":"package","value":"com.example.teamcity.ui.CreateNewProjectTest"},{"name":"testClass","value":"com.example.teamcity.ui.CreateNewProjectTest"},{"name":"testMethod","value":"authorizedUserShouldBeAbleCreateNewProject"},{"name":"parentSuite","value":"UI Suite"},{"name":"suite","value":"UI Test"},{"name":"subSuite","value":"com.example.teamcity.ui.CreateNewProjectTest"},{"name":"host","value":"fv-az1373-769"},{"name":"thread","value":"5790@fv-az1373-769.main(1)"},{"name":"framework","value":"testng"},{"name":"language","value":"java"},{"name":"resultFormat","value":"allure2"}],"parameters":[],"links":[],"hidden":false,"retry":false,"extra":{"severity":"normal","retries":[],"categories":[{"name":"Product defects","matchedStatuses":[],"flaky":false}],"history":{"statistic":{"failed":12,"broken":6,"skipped":0,"passed":0,"unknown":0,"total":18},"items":[{"uid":"122beb272d9b0bfc","reportUrl":"https://levchenkoin.github.io/Teamcity-Testing-Project/93//#testresult/122beb272d9b0bfc","status":"failed","statusDetails":"List size mismatch: expected: > 0, actual: 0, collection: [class=\"Subproject__container--WE\"]\nScreenshot: file:/home/runner/work/Teamcity-Testing-Project/Teamcity-Testing-Project/target/surefire-reports/1750421663742.0.png\nPage source: file:/home/runner/work/Teamcity-Testing-Project/Teamcity-Testing-Project/target/surefire-reports/1750421663742.0.html\nTimeout: 20 s.","time":{"start":1750421606892,"stop":1750421663891,"duration":56999}},{"uid":"363e434935f27637","reportUrl":"https://levchenkoin.github.io/Teamcity-Testing-Project/92//#testresult/363e434935f27637","status":"failed","statusDetails":"List size mismatch: expected: > 0, actual: 0, collection: [class=\"Subproject__container--WE\"]\nScreenshot: file:/home/runner/work/Teamcity-Testing-Project/Teamcity-Testing-Project/target/surefire-reports/1750419524734.0.png\nPage source: file:/home/runner/work/Teamcity-Testing-Project/Teamcity-Testing-Project/target/surefire-reports/1750419524734.0.html\nTimeout: 10 s.","time":{"start":1750419478836,"stop":1750419524862,"duration":46026}},{"uid":"a802d4b9a8db1f7d","reportUrl":"https://levchenkoin.github.io/Teamcity-Testing-Project/91//#testresult/a802d4b9a8db1f7d","status":"broken","statusDetails":"No value present","time":{"start":1750416024367,"stop":1750416063084,"duration":38717}},{"uid":"e02c7635dd5da1ef","reportUrl":"https://levchenkoin.github.io/Teamcity-Testing-Project/90//#testresult/e02c7635dd5da1ef","status":"broken","statusDetails":"No value present","time":{"start":1750415464255,"stop":1750415499923,"duration":35668}},{"uid":"5b7a67f9ae3bde","reportUrl":"https://levchenkoin.github.io/Teamcity-Testing-Project/89//#testresult/5b7a67f9ae3bde","status":"broken","statusDetails":"No value present","time":{"start":1750413362101,"stop":1750413392817,"duration":30716}},{"uid":"cb19e0abf94a0fcb","reportUrl":"https://levchenkoin.github.io/Teamcity-Testing-Project/88//#testresult/cb19e0abf94a0fcb","status":"broken","statusDetails":"No value present","time":{"start":1748612509180,"stop":1748612543761,"duration":34581}},{"uid":"7d89552261513aae","reportUrl":"https://levchenkoin.github.io/Teamcity-Testing-Project/87//#testresult/7d89552261513aae","status":"broken","statusDetails":"No value present","time":{"start":1748610983654,"stop":1748611019852,"duration":36198}},{"uid":"7403d5024bd2bce4","reportUrl":"https://levchenkoin.github.io/Teamcity-Testing-Project/86//#testresult/7403d5024bd2bce4","status":"broken","statusDetails":"No value present","time":{"start":1748610234046,"stop":1748610270454,"duration":36408}},{"uid":"32e7cbe33ecf4b38","reportUrl":"https://levchenkoin.github.io/Teamcity-Testing-Project/85//#testresult/32e7cbe33ecf4b38","status":"failed","statusDetails":"Element not found {[id=\"projectName\"]}\nExpected: editable\nScreenshot: file:/home/runner/work/Teamcity-Testing-Project/Teamcity-Testing-Project/target/surefire-reports/1748605542331.0.png\nPage source: file:/home/runner/work/Teamcity-Testing-Project/Teamcity-Testing-Project/target/surefire-reports/1748605542331.0.html\nTimeout: 4 s.\nCaused by: NoSuchElementException: Unable to locate element: [id=\"projectName\"]","time":{"start":1748605509722,"stop":1748605542593,"duration":32871}},{"uid":"7678649b1432a95b","reportUrl":"https://levchenkoin.github.io/Teamcity-Testing-Project/84//#testresult/7678649b1432a95b","status":"failed","statusDetails":"Element not found {[id=\"projectName\"]}\nExpected: editable\nScreenshot: file:/home/runner/work/Teamcity-Testing-Project/Teamcity-Testing-Project/target/surefire-reports/1748605013126.0.png\nPage source: file:/home/runner/work/Teamcity-Testing-Project/Teamcity-Testing-Project/target/surefire-reports/1748605013126.0.html\nTimeout: 4 s.\nCaused by: NoSuchElementException: Unable to locate element: [id=\"projectName\"]","time":{"start":1748604982032,"stop":1748605013317,"duration":31285}},{"uid":"a2c360db334c8e1f","reportUrl":"https://levchenkoin.github.io/Teamcity-Testing-Project/83//#testresult/a2c360db334c8e1f","status":"failed","statusDetails":"Element not found {[id=\"projectName\"]}\nExpected: editable\nScreenshot: file:/home/runner/work/Teamcity-Testing-Project/Teamcity-Testing-Project/target/surefire-reports/1747416444899.0.png\nPage source: file:/home/runner/work/Teamcity-Testing-Project/Teamcity-Testing-Project/target/surefire-reports/1747416444899.0.html\nTimeout: 4 s.\nCaused by: NoSuchElementException: Unable to locate element: [id=\"projectName\"]","time":{"start":1747416416358,"stop":1747416445092,"duration":28734}},{"uid":"b210398cfd8d1f1f","reportUrl":"https://levchenkoin.github.io/Teamcity-Testing-Project/82//#testresult/b210398cfd8d1f1f","status":"failed","statusDetails":"Element not found {[id=\"projectName\"]}\nExpected: editable\nScreenshot: file:/home/runner/work/Teamcity-Testing-Project/Teamcity-Testing-Project/target/surefire-reports/1747415824858.0.png\nPage source: file:/home/runner/work/Teamcity-Testing-Project/Teamcity-Testing-Project/target/surefire-reports/1747415824858.0.html\nTimeout: 4 s.\nCaused by: NoSuchElementException: Unable to locate element: [id=\"projectName\"]","time":{"start":1747415796560,"stop":1747415825020,"duration":28460}},{"uid":"30a43b0a682b3526","reportUrl":"https://levchenkoin.github.io/Teamcity-Testing-Project/81//#testresult/30a43b0a682b3526","status":"failed","statusDetails":"Element not found {[id=\"projectName\"]}\nExpected: editable\nScreenshot: file:/home/runner/work/Teamcity-Testing-Project/Teamcity-Testing-Project/target/surefire-reports/1747335953705.0.png\nPage source: file:/home/runner/work/Teamcity-Testing-Project/Teamcity-Testing-Project/target/surefire-reports/1747335953705.0.html\nTimeout: 4 s.\nCaused by: NoSuchElementException: Unable to locate element: [id=\"projectName\"]","time":{"start":1747335924490,"stop":1747335953939,"duration":29449}},{"uid":"cd78b3b275dffc78","reportUrl":"https://levchenkoin.github.io/Teamcity-Testing-Project/78//#testresult/cd78b3b275dffc78","status":"failed","statusDetails":"Element not found {[id=\"projectName\"]}\nExpected: editable\nScreenshot: file:/home/runner/work/Teamcity-Testing-Project/Teamcity-Testing-Project/target/surefire-reports/1747242156410.0.png\nPage source: file:/home/runner/work/Teamcity-Testing-Project/Teamcity-Testing-Project/target/surefire-reports/1747242156410.0.html\nTimeout: 4 s.\nCaused by: NoSuchElementException: Unable to locate element: [id=\"projectName\"]","time":{"start":1747242125787,"stop":1747242156630,"duration":30843}},{"uid":"a0fc4db5b3e9960a","reportUrl":"https://levchenkoin.github.io/Teamcity-Testing-Project/77//#testresult/a0fc4db5b3e9960a","status":"failed","statusDetails":"Element not found {[id=\"projectName\"]}\nExpected: editable\nScreenshot: file:/home/runner/work/Teamcity-Testing-Project/Teamcity-Testing-Project/target/surefire-reports/1747240628182.0.png\nPage source: file:/home/runner/work/Teamcity-Testing-Project/Teamcity-Testing-Project/target/surefire-reports/1747240628182.0.html\nTimeout: 4 s.\nCaused by: NoSuchElementException: Unable to locate element: [id=\"projectName\"]","time":{"start":1747240595225,"stop":1747240628411,"duration":33186}},{"uid":"2e8ab5b67f44162e","reportUrl":"https://levchenkoin.github.io/Teamcity-Testing-Project/76//#testresult/2e8ab5b67f44162e","status":"failed","statusDetails":"Element not found {[id=\"projectName\"]}\nExpected: editable\nScreenshot: file:/home/runner/work/Teamcity-Testing-Project/Teamcity-Testing-Project/target/surefire-reports/1747237655778.0.png\nPage source: file:/home/runner/work/Teamcity-Testing-Project/Teamcity-Testing-Project/target/surefire-reports/1747237655778.0.html\nTimeout: 4 s.\nCaused by: NoSuchElementException: Unable to locate element: [id=\"projectName\"]","time":{"start":1747237619160,"stop":1747237655950,"duration":36790}},{"uid":"ce4b8d5655b15ca","reportUrl":"https://levchenkoin.github.io/Teamcity-Testing-Project/75//#testresult/ce4b8d5655b15ca","status":"failed","statusDetails":"Element not found {[id=\"projectName\"]}\nExpected: editable\nScreenshot: file:/home/runner/work/Teamcity-Testing-Project/Teamcity-Testing-Project/target/surefire-reports/1747227109263.0.png\nPage source: file:/home/runner/work/Teamcity-Testing-Project/Teamcity-Testing-Project/target/surefire-reports/1747227109263.0.html\nTimeout: 4 s.\nCaused by: NoSuchElementException: Unable to locate element: [id=\"projectName\"]","time":{"start":1747227079481,"stop":1747227109424,"duration":29943}}]},"tags":[]},"source":"55b05a28fda203ef.json","parameterValues":[]}