{"uid":"303cac4d368b17cc","name":"authorizedUserShouldBeAbleToCreateNewBuildConfiguration","fullName":"com.example.teamcity.ui.CreateNewBuildConfigurationTest.authorizedUserShouldBeAbleToCreateNewBuildConfiguration","historyId":"a955b9ef3ce5fa9d49a68bdfeeef5c92","time":{"start":1750696418889,"stop":1750696432302,"duration":13413},"status":"failed","statusMessage":"Element not found {[class^='ubprojects__limitWidth--']}\nExpected: text \"test_YScONRDDHv\"\nScreenshot: file:/home/runner/work/Teamcity-Testing-Project/Teamcity-Testing-Project/target/surefire-reports/1750696432182.1.png\nPage source: file:/home/runner/work/Teamcity-Testing-Project/Teamcity-Testing-Project/target/surefire-reports/1750696432182.1.html\nTimeout: 10 s.\nCaused by: NoSuchElementException: Unable to locate element: [class^='ubprojects__limitWidth--']","statusTrace":"Element not found {[class^='ubprojects__limitWidth--']}\nExpected: text \"test_YScONRDDHv\"\nScreenshot: file:/home/runner/work/Teamcity-Testing-Project/Teamcity-Testing-Project/target/surefire-reports/1750696432182.1.png\nPage source: file:/home/runner/work/Teamcity-Testing-Project/Teamcity-Testing-Project/target/surefire-reports/1750696432182.1.html\nTimeout: 10 s.\nCaused by: NoSuchElementException: Unable to locate element: [class^='ubprojects__limitWidth--']\n\tat com.codeborne.selenide.impl.WebElementSource.createElementNotFoundError(WebElementSource.java:91)\n\tat com.codeborne.selenide.impl.ElementFinder.createElementNotFoundError(ElementFinder.java:142)\n\tat com.codeborne.selenide.impl.WebElementSource.handleError(WebElementSource.java:143)\n\tat com.codeborne.selenide.impl.WebElementSource.checkConditionAndReturnElement(WebElementSource.java:127)\n\tat com.codeborne.selenide.impl.WebElementSource.checkCondition(WebElementSource.java:104)\n\tat com.codeborne.selenide.commands.Should.execute(Should.java:30)\n\tat com.codeborne.selenide.commands.Should.execute(Should.java:14)\n\tat com.codeborne.selenide.commands.Commands.execute(Commands.java:161)\n\tat com.codeborne.selenide.impl.SelenideElementProxy.dispatchAndRetry(SelenideElementProxy.java:132)\n\tat com.codeborne.selenide.impl.SelenideElementProxy.invoke(SelenideElementProxy.java:84)\n\tat jdk.proxy2/jdk.proxy2.$Proxy42.shouldHave(Unknown Source)\n\tat com.example.teamcity.ui.CreateNewBuildConfigurationTest.authorizedUserShouldBeAbleToCreateNewBuildConfiguration(CreateNewBuildConfigurationTest.java:30)\n\tat java.base/jdk.internal.reflect.NativeMethodAccessorImpl.invoke0(Native Method)\n\tat java.base/jdk.internal.reflect.NativeMethodAccessorImpl.invoke(NativeMethodAccessorImpl.java:77)\n\tat java.base/jdk.internal.reflect.DelegatingMethodAccessorImpl.invoke(DelegatingMethodAccessorImpl.java:43)\n\tat java.base/java.lang.reflect.Method.invoke(Method.java:569)\n\tat org.testng.internal.invokers.MethodInvocationHelper.invokeMethod(MethodInvocationHelper.java:139)\n\tat org.testng.internal.invokers.TestInvoker.invokeMethod(TestInvoker.java:677)\n\tat org.testng.internal.invokers.TestInvoker.invokeTestMethod(TestInvoker.java:221)\n\tat org.testng.internal.invokers.MethodRunner.runInSequence(MethodRunner.java:50)\n\tat org.testng.internal.invokers.TestInvoker$MethodInvocationAgent.invoke(TestInvoker.java:969)\n\tat org.testng.internal.invokers.TestInvoker.invokeTestMethods(TestInvoker.java:194)\n\tat org.testng.internal.invokers.TestMethodWorker.invokeTestMethods(TestMethodWorker.java:148)\n\tat org.testng.internal.invokers.TestMethodWorker.run(TestMethodWorker.java:128)\n\tat java.base/java.util.ArrayList.forEach(ArrayList.java:1511)\n\tat org.testng.TestRunner.privateRun(TestRunner.java:829)\n\tat org.testng.TestRunner.run(TestRunner.java:602)\n\tat org.testng.SuiteRunner.runTest(SuiteRunner.java:437)\n\tat org.testng.SuiteRunner.runSequentially(SuiteRunner.java:431)\n\tat org.testng.SuiteRunner.privateRun(SuiteRunner.java:391)\n\tat org.testng.SuiteRunner.run(SuiteRunner.java:330)\n\tat org.testng.SuiteRunnerWorker.runSuite(SuiteRunnerWorker.java:52)\n\tat org.testng.SuiteRunnerWorker.run(SuiteRunnerWorker.java:95)\n\tat org.testng.TestNG.runSuitesSequentially(TestNG.java:1256)\n\tat org.testng.TestNG.runSuitesLocally(TestNG.java:1176)\n\tat org.testng.TestNG.runSuites(TestNG.java:1099)\n\tat org.testng.TestNG.run(TestNG.java:1067)\n\tat org.apache.maven.surefire.testng.TestNGExecutor.run(TestNGExecutor.java:308)\n\tat org.apache.maven.surefire.testng.TestNGXmlTestSuite.execute(TestNGXmlTestSuite.java:71)\n\tat org.apache.maven.surefire.testng.TestNGProvider.invoke(TestNGProvider.java:113)\n\tat org.apache.maven.surefire.booter.ForkedBooter.runSuitesInProcess(ForkedBooter.java:385)\n\tat org.apache.maven.surefire.booter.ForkedBooter.execute(ForkedBooter.java:162)\n\tat org.apache.maven.surefire.booter.ForkedBooter.run(ForkedBooter.java:507)\n\tat org.apache.maven.surefire.booter.ForkedBooter.main(ForkedBooter.java:495)\nCaused by: org.openqa.selenium.NoSuchElementException: Unable to locate element: [class^='ubprojects__limitWidth--']\nFor documentation on this error, please visit: https://www.selenium.dev/documentation/webdriver/troubleshooting/errors#no-such-element-exception\nBuild info: version: '4.13.0', revision: 'ba948ece5b*'\nSystem info: os.name: 'Linux', os.arch: 'amd64', os.version: '6.11.0-1015-azure', java.version: '17.0.15'\nDriver info: org.openqa.selenium.remote.RemoteWebDriver\nCommand: [49096ace-20fe-4580-97f5-66a12cac759f, findElement {using=css selector, value=[class^='ubprojects__limitWidth--']}]\nCapabilities {acceptInsecureCerts: true, browserName: firefox, browserVersion: 89.0, moz:accessibilityChecks: false, moz:buildID: 20210527174632, moz:debuggerAddress: localhost:33325, moz:geckodriverVersion: 0.29.1, moz:headless: false, moz:processID: 89, moz:profile: /tmp/rust_mozprofilenKQ3EZ, moz:shutdownTimeout: 60000, moz:useNonSpecCompliantPointerOrigin: false, moz:webdriverClick: true, pageLoadStrategy: normal, platformName: linux, platformVersion: 6.11.0-1015-azure, se:cdp: ws://172.17.0.1:4444/devtoo..., se:cdpVersion: 89.0, setWindowRect: true, strictFileInteractability: false, timeouts: {implicit: 0, pageLoad: 300000, script: 30000}, unhandledPromptBehavior: accept}\nSession ID: 49096ace-20fe-4580-97f5-66a12cac759f\n\tat jdk.internal.reflect.GeneratedConstructorAccessor18.newInstance(Unknown Source)\n\tat java.base/jdk.internal.reflect.DelegatingConstructorAccessorImpl.newInstance(DelegatingConstructorAccessorImpl.java:45)\n\tat java.base/java.lang.reflect.Constructor.newInstanceWithCaller(Constructor.java:500)\n\tat java.base/java.lang.reflect.Constructor.newInstance(Constructor.java:481)\n\tat org.openqa.selenium.remote.codec.w3c.W3CHttpResponseCodec.createException(W3CHttpResponseCodec.java:200)\n\tat org.openqa.selenium.remote.codec.w3c.W3CHttpResponseCodec.decode(W3CHttpResponseCodec.java:133)\n\tat org.openqa.selenium.remote.codec.w3c.W3CHttpResponseCodec.decode(W3CHttpResponseCodec.java:52)\n\tat org.openqa.selenium.remote.HttpCommandExecutor.execute(HttpCommandExecutor.java:191)\n\tat org.openqa.selenium.remote.RemoteWebDriver.execute(RemoteWebDriver.java:602)\n\tat org.openqa.selenium.remote.ElementLocation$ElementFinder$2.findElement(ElementLocation.java:165)\n\tat org.openqa.selenium.remote.ElementLocation.findElement(ElementLocation.java:59)\n\tat org.openqa.selenium.remote.RemoteWebDriver.findElement(RemoteWebDriver.java:359)\n\tat org.openqa.selenium.remote.RemoteWebDriver.findElement(RemoteWebDriver.java:353)\n\tat com.codeborne.selenide.impl.WebElementSelector.findElement(WebElementSelector.java:70)\n\tat com.codeborne.selenide.impl.WebElementSelector.findElement(WebElementSelector.java:44)\n\tat com.codeborne.selenide.impl.WebElementSelector.findElement(WebElementSelector.java:33)\n\tat com.codeborne.selenide.impl.ElementFinder.getWebElement(ElementFinder.java:122)\n\tat com.codeborne.selenide.impl.WebElementSource.checkConditionAndReturnElement(WebElementSource.java:116)\n\t... 40 more\n","flaky":false,"newFailed":true,"newBroken":false,"newPassed":false,"retriesCount":0,"retriesStatusChange":false,"beforeStages":[{"name":"beforeTest","time":{"start":1750696418881,"stop":1750696418881,"duration":0},"description":"","status":"passed","steps":[],"attachments":[],"parameters":[],"shouldDisplayMessage":false,"stepsCount":0,"attachmentsCount":0,"hasContent":false}],"testStage":{"status":"failed","statusMessage":"Element not found {[class^='ubprojects__limitWidth--']}\nExpected: text \"test_YScONRDDHv\"\nScreenshot: file:/home/runner/work/Teamcity-Testing-Project/Teamcity-Testing-Project/target/surefire-reports/1750696432182.1.png\nPage source: file:/home/runner/work/Teamcity-Testing-Project/Teamcity-Testing-Project/target/surefire-reports/1750696432182.1.html\nTimeout: 10 s.\nCaused by: NoSuchElementException: Unable to locate element: [class^='ubprojects__limitWidth--']","statusTrace":"Element not found {[class^='ubprojects__limitWidth--']}\nExpected: text \"test_YScONRDDHv\"\nScreenshot: file:/home/runner/work/Teamcity-Testing-Project/Teamcity-Testing-Project/target/surefire-reports/1750696432182.1.png\nPage source: file:/home/runner/work/Teamcity-Testing-Project/Teamcity-Testing-Project/target/surefire-reports/1750696432182.1.html\nTimeout: 10 s.\nCaused by: NoSuchElementException: Unable to locate element: [class^='ubprojects__limitWidth--']\n\tat com.codeborne.selenide.impl.WebElementSource.createElementNotFoundError(WebElementSource.java:91)\n\tat com.codeborne.selenide.impl.ElementFinder.createElementNotFoundError(ElementFinder.java:142)\n\tat com.codeborne.selenide.impl.WebElementSource.handleError(WebElementSource.java:143)\n\tat com.codeborne.selenide.impl.WebElementSource.checkConditionAndReturnElement(WebElementSource.java:127)\n\tat com.codeborne.selenide.impl.WebElementSource.checkCondition(WebElementSource.java:104)\n\tat com.codeborne.selenide.commands.Should.execute(Should.java:30)\n\tat com.codeborne.selenide.commands.Should.execute(Should.java:14)\n\tat com.codeborne.selenide.commands.Commands.execute(Commands.java:161)\n\tat com.codeborne.selenide.impl.SelenideElementProxy.dispatchAndRetry(SelenideElementProxy.java:132)\n\tat com.codeborne.selenide.impl.SelenideElementProxy.invoke(SelenideElementProxy.java:84)\n\tat jdk.proxy2/jdk.proxy2.$Proxy42.shouldHave(Unknown Source)\n\tat com.example.teamcity.ui.CreateNewBuildConfigurationTest.authorizedUserShouldBeAbleToCreateNewBuildConfiguration(CreateNewBuildConfigurationTest.java:30)\n\tat java.base/jdk.internal.reflect.NativeMethodAccessorImpl.invoke0(Native Method)\n\tat java.base/jdk.internal.reflect.NativeMethodAccessorImpl.invoke(NativeMethodAccessorImpl.java:77)\n\tat java.base/jdk.internal.reflect.DelegatingMethodAccessorImpl.invoke(DelegatingMethodAccessorImpl.java:43)\n\tat java.base/java.lang.reflect.Method.invoke(Method.java:569)\n\tat org.testng.internal.invokers.MethodInvocationHelper.invokeMethod(MethodInvocationHelper.java:139)\n\tat org.testng.internal.invokers.TestInvoker.invokeMethod(TestInvoker.java:677)\n\tat org.testng.internal.invokers.TestInvoker.invokeTestMethod(TestInvoker.java:221)\n\tat org.testng.internal.invokers.MethodRunner.runInSequence(MethodRunner.java:50)\n\tat org.testng.internal.invokers.TestInvoker$MethodInvocationAgent.invoke(TestInvoker.java:969)\n\tat org.testng.internal.invokers.TestInvoker.invokeTestMethods(TestInvoker.java:194)\n\tat org.testng.internal.invokers.TestMethodWorker.invokeTestMethods(TestMethodWorker.java:148)\n\tat org.testng.internal.invokers.TestMethodWorker.run(TestMethodWorker.java:128)\n\tat java.base/java.util.ArrayList.forEach(ArrayList.java:1511)\n\tat org.testng.TestRunner.privateRun(TestRunner.java:829)\n\tat org.testng.TestRunner.run(TestRunner.java:602)\n\tat org.testng.SuiteRunner.runTest(SuiteRunner.java:437)\n\tat org.testng.SuiteRunner.runSequentially(SuiteRunner.java:431)\n\tat org.testng.SuiteRunner.privateRun(SuiteRunner.java:391)\n\tat org.testng.SuiteRunner.run(SuiteRunner.java:330)\n\tat org.testng.SuiteRunnerWorker.runSuite(SuiteRunnerWorker.java:52)\n\tat org.testng.SuiteRunnerWorker.run(SuiteRunnerWorker.java:95)\n\tat org.testng.TestNG.runSuitesSequentially(TestNG.java:1256)\n\tat org.testng.TestNG.runSuitesLocally(TestNG.java:1176)\n\tat org.testng.TestNG.runSuites(TestNG.java:1099)\n\tat org.testng.TestNG.run(TestNG.java:1067)\n\tat org.apache.maven.surefire.testng.TestNGExecutor.run(TestNGExecutor.java:308)\n\tat org.apache.maven.surefire.testng.TestNGXmlTestSuite.execute(TestNGXmlTestSuite.java:71)\n\tat org.apache.maven.surefire.testng.TestNGProvider.invoke(TestNGProvider.java:113)\n\tat org.apache.maven.surefire.booter.ForkedBooter.runSuitesInProcess(ForkedBooter.java:385)\n\tat org.apache.maven.surefire.booter.ForkedBooter.execute(ForkedBooter.java:162)\n\tat org.apache.maven.surefire.booter.ForkedBooter.run(ForkedBooter.java:507)\n\tat org.apache.maven.surefire.booter.ForkedBooter.main(ForkedBooter.java:495)\nCaused by: org.openqa.selenium.NoSuchElementException: Unable to locate element: [class^='ubprojects__limitWidth--']\nFor documentation on this error, please visit: https://www.selenium.dev/documentation/webdriver/troubleshooting/errors#no-such-element-exception\nBuild info: version: '4.13.0', revision: 'ba948ece5b*'\nSystem info: os.name: 'Linux', os.arch: 'amd64', os.version: '6.11.0-1015-azure', java.version: '17.0.15'\nDriver info: org.openqa.selenium.remote.RemoteWebDriver\nCommand: [49096ace-20fe-4580-97f5-66a12cac759f, findElement {using=css selector, value=[class^='ubprojects__limitWidth--']}]\nCapabilities {acceptInsecureCerts: true, browserName: firefox, browserVersion: 89.0, moz:accessibilityChecks: false, moz:buildID: 20210527174632, moz:debuggerAddress: localhost:33325, moz:geckodriverVersion: 0.29.1, moz:headless: false, moz:processID: 89, moz:profile: /tmp/rust_mozprofilenKQ3EZ, moz:shutdownTimeout: 60000, moz:useNonSpecCompliantPointerOrigin: false, moz:webdriverClick: true, pageLoadStrategy: normal, platformName: linux, platformVersion: 6.11.0-1015-azure, se:cdp: ws://172.17.0.1:4444/devtoo..., se:cdpVersion: 89.0, setWindowRect: true, strictFileInteractability: false, timeouts: {implicit: 0, pageLoad: 300000, script: 30000}, unhandledPromptBehavior: accept}\nSession ID: 49096ace-20fe-4580-97f5-66a12cac759f\n\tat jdk.internal.reflect.GeneratedConstructorAccessor18.newInstance(Unknown Source)\n\tat java.base/jdk.internal.reflect.DelegatingConstructorAccessorImpl.newInstance(DelegatingConstructorAccessorImpl.java:45)\n\tat java.base/java.lang.reflect.Constructor.newInstanceWithCaller(Constructor.java:500)\n\tat java.base/java.lang.reflect.Constructor.newInstance(Constructor.java:481)\n\tat org.openqa.selenium.remote.codec.w3c.W3CHttpResponseCodec.createException(W3CHttpResponseCodec.java:200)\n\tat org.openqa.selenium.remote.codec.w3c.W3CHttpResponseCodec.decode(W3CHttpResponseCodec.java:133)\n\tat org.openqa.selenium.remote.codec.w3c.W3CHttpResponseCodec.decode(W3CHttpResponseCodec.java:52)\n\tat org.openqa.selenium.remote.HttpCommandExecutor.execute(HttpCommandExecutor.java:191)\n\tat org.openqa.selenium.remote.RemoteWebDriver.execute(RemoteWebDriver.java:602)\n\tat org.openqa.selenium.remote.ElementLocation$ElementFinder$2.findElement(ElementLocation.java:165)\n\tat org.openqa.selenium.remote.ElementLocation.findElement(ElementLocation.java:59)\n\tat org.openqa.selenium.remote.RemoteWebDriver.findElement(RemoteWebDriver.java:359)\n\tat org.openqa.selenium.remote.RemoteWebDriver.findElement(RemoteWebDriver.java:353)\n\tat com.codeborne.selenide.impl.WebElementSelector.findElement(WebElementSelector.java:70)\n\tat com.codeborne.selenide.impl.WebElementSelector.findElement(WebElementSelector.java:44)\n\tat com.codeborne.selenide.impl.WebElementSelector.findElement(WebElementSelector.java:33)\n\tat com.codeborne.selenide.impl.ElementFinder.getWebElement(ElementFinder.java:122)\n\tat com.codeborne.selenide.impl.WebElementSource.checkConditionAndReturnElement(WebElementSource.java:116)\n\t... 40 more\n","steps":[],"attachments":[{"uid":"eae223480810d0f4","name":"Request","source":"eae223480810d0f4.html","type":"text/html","size":1438},{"uid":"616492d8118a0c48","name":"HTTP/1.1 200 ","source":"616492d8118a0c48.html","type":"text/html","size":2154},{"uid":"2d331daa3f0d1bb4","name":"Request","source":"2d331daa3f0d1bb4.html","type":"text/html","size":1306},{"uid":"c7f32e2a01503ac7","name":"HTTP/1.1 200 ","source":"c7f32e2a01503ac7.html","type":"text/html","size":2225}],"parameters":[],"shouldDisplayMessage":true,"stepsCount":0,"attachmentsCount":4,"hasContent":true},"afterStages":[{"name":"afterTest","time":{"start":1750696432310,"stop":1750696432476,"duration":166},"description":"","status":"passed","steps":[],"attachments":[{"uid":"d3751c3f270bc3e","name":"Request","source":"d3751c3f270bc3e.html","type":"text/html","size":557},{"uid":"af8dffb3300e0647","name":"HTTP/1.1 404 ","source":"af8dffb3300e0647.html","type":"text/html","size":940},{"uid":"99a566f5a45ce091","name":"Request","source":"99a566f5a45ce091.html","type":"text/html","size":563},{"uid":"39e5191ff564d09b","name":"HTTP/1.1 404 ","source":"39e5191ff564d09b.html","type":"text/html","size":823},{"uid":"f990e93153c53cc4","name":"Request","source":"f990e93153c53cc4.html","type":"text/html","size":557},{"uid":"d0e9b4c002e336c9","name":"HTTP/1.1 204 ","source":"d0e9b4c002e336c9.html","type":"text/html","size":478},{"uid":"1b65cdde2419f9a9","name":"Request","source":"1b65cdde2419f9a9.html","type":"text/html","size":563},{"uid":"d212980c8e273316","name":"HTTP/1.1 204 ","source":"d212980c8e273316.html","type":"text/html","size":478}],"parameters":[],"shouldDisplayMessage":false,"stepsCount":0,"attachmentsCount":8,"hasContent":true}],"labels":[{"name":"package","value":"com.example.teamcity.ui.CreateNewBuildConfigurationTest"},{"name":"testClass","value":"com.example.teamcity.ui.CreateNewBuildConfigurationTest"},{"name":"testMethod","value":"authorizedUserShouldBeAbleToCreateNewBuildConfiguration"},{"name":"parentSuite","value":"UI Suite"},{"name":"suite","value":"UI Test"},{"name":"subSuite","value":"com.example.teamcity.ui.CreateNewBuildConfigurationTest"},{"name":"host","value":"fv-az1922-160"},{"name":"thread","value":"5799@fv-az1922-160.main(1)"},{"name":"framework","value":"testng"},{"name":"language","value":"java"},{"name":"resultFormat","value":"allure2"}],"parameters":[],"links":[],"hidden":false,"retry":false,"extra":{"severity":"normal","retries":[],"categories":[{"name":"Product defects","matchedStatuses":[],"flaky":false}],"history":{"statistic":{"failed":1,"broken":0,"skipped":0,"passed":8,"unknown":0,"total":9},"items":[{"uid":"30e5c105b6dfaad0","reportUrl":"https://levchenkoin.github.io/Teamcity-Testing-Project/106//#testresult/30e5c105b6dfaad0","status":"passed","time":{"start":1750695439188,"stop":1750695452484,"duration":13296}},{"uid":"88e890df558aee34","reportUrl":"https://levchenkoin.github.io/Teamcity-Testing-Project/105//#testresult/88e890df558aee34","status":"passed","time":{"start":1750694485433,"stop":1750694498931,"duration":13498}},{"uid":"f05db82b969612b0","reportUrl":"https://levchenkoin.github.io/Teamcity-Testing-Project/104//#testresult/f05db82b969612b0","status":"passed","time":{"start":1750693367174,"stop":1750693381438,"duration":14264}},{"uid":"240b314a18d020ec","reportUrl":"https://levchenkoin.github.io/Teamcity-Testing-Project/104//#testresult/240b314a18d020ec","status":"passed","time":{"start":1750692356168,"stop":1750692367780,"duration":11612}},{"uid":"75e698dd2367d5e8","reportUrl":"https://levchenkoin.github.io/Teamcity-Testing-Project/103//#testresult/75e698dd2367d5e8","status":"passed","time":{"start":1750684694828,"stop":1750684709027,"duration":14199}},{"uid":"db38a0c00735680","reportUrl":"https://levchenkoin.github.io/Teamcity-Testing-Project/102//#testresult/db38a0c00735680","status":"passed","time":{"start":1750683658115,"stop":1750683672088,"duration":13973}},{"uid":"afb82522e081dd27","reportUrl":"https://levchenkoin.github.io/Teamcity-Testing-Project/101//#testresult/afb82522e081dd27","status":"passed","time":{"start":1750682126743,"stop":1750682141595,"duration":14852}},{"uid":"844af92c356bde4a","reportUrl":"https://levchenkoin.github.io/Teamcity-Testing-Project/101//#testresult/844af92c356bde4a","status":"passed","time":{"start":1750681436125,"stop":1750681449934,"duration":13809}}]},"tags":[]},"source":"303cac4d368b17cc.json","parameterValues":[]}