{"uuid":"90a68bd0-be55-4f2e-921d-a79bc429e73e","historyId":"25a6c8820f7ded508950a9b5fd9f3a26","fullName":"com.example.teamcity.ui.CreateNewProjectTest.authorizedUserShouldBeAbleCreateNewProject","labels":[{"name":"package","value":"com.example.teamcity.ui.CreateNewProjectTest"},{"name":"testClass","value":"com.example.teamcity.ui.CreateNewProjectTest"},{"name":"testMethod","value":"authorizedUserShouldBeAbleCreateNewProject"},{"name":"parentSuite","value":"Default Suite"},{"name":"suite","value":"teamcity-testing-project"},{"name":"subSuite","value":"com.example.teamcity.ui.CreateNewProjectTest"},{"name":"host","value":"MacBookPro-ilevchenko"},{"name":"thread","value":"26862@MacBookPro-ilevchenko.main(1)"},{"name":"framework","value":"testng"},{"name":"language","value":"java"}],"links":[],"name":"authorizedUserShouldBeAbleCreateNewProject","status":"failed","statusDetails":{"known":false,"muted":false,"flaky":false,"message":"Element should exist {[class=\"Subproject__container--WE\"].snapshot(1 elements)[0]}\nElement: 'Ups, failed to described the element [caused by: StaleElementReferenceException: The element reference of <div class=\"Subproject__container--WE\"> is stale; either the element is no longer attached to the DOM, it is not in the current frame context, or the document has been refreshed]'\nActual value: does not exist\nScreenshot: file:/Users/ILevchenko/AquaProjects/teamcity-testing-project/target/surefire-reports/1707694743685.0.png\nPage source: file:/Users/ILevchenko/AquaProjects/teamcity-testing-project/target/surefire-reports/1707694743685.0.html\nTimeout: 4 s.","trace":"Element should exist {[class=\"Subproject__container--WE\"].snapshot(1 elements)[0]}\nElement: 'Ups, failed to described the element [caused by: StaleElementReferenceException: The element reference of <div class=\"Subproject__container--WE\"> is stale; either the element is no longer attached to the DOM, it is not in the current frame context, or the document has been refreshed]'\nActual value: does not exist\nScreenshot: file:/Users/ILevchenko/AquaProjects/teamcity-testing-project/target/surefire-reports/1707694743685.0.png\nPage source: file:/Users/ILevchenko/AquaProjects/teamcity-testing-project/target/surefire-reports/1707694743685.0.html\nTimeout: 4 s.\n\tat com.codeborne.selenide.impl.WebElementSource.handleError(WebElementSource.java:149)\n\tat com.codeborne.selenide.impl.WebElementSource.checkConditionAndReturnElement(WebElementSource.java:127)\n\tat com.codeborne.selenide.impl.WebElementSource.checkCondition(WebElementSource.java:104)\n\tat com.codeborne.selenide.impl.ElementFinder.createElementNotFoundError(ElementFinder.java:139)\n\tat com.codeborne.selenide.impl.WebElementSource.handleError(WebElementSource.java:143)\n\tat com.codeborne.selenide.impl.WebElementSource.checkConditionAndReturnElement(WebElementSource.java:127)\n\tat com.codeborne.selenide.impl.WebElementSource.checkCondition(WebElementSource.java:104)\n\tat com.codeborne.selenide.commands.Should.execute(Should.java:30)\n\tat com.codeborne.selenide.commands.Should.execute(Should.java:14)\n\tat com.codeborne.selenide.commands.Commands.execute(Commands.java:161)\n\tat com.codeborne.selenide.impl.SelenideElementProxy.dispatchAndRetry(SelenideElementProxy.java:132)\n\tat com.codeborne.selenide.impl.SelenideElementProxy.invoke(SelenideElementProxy.java:84)\n\tat jdk.proxy2/jdk.proxy2.$Proxy34.shouldHave(Unknown Source)\n\tat com.example.teamcity.ui.CreateNewProjectTest.authorizedUserShouldBeAbleCreateNewProject(CreateNewProjectTest.java:24)\n\tat java.base/jdk.internal.reflect.NativeMethodAccessorImpl.invoke0(Native Method)\n\tat java.base/jdk.internal.reflect.NativeMethodAccessorImpl.invoke(NativeMethodAccessorImpl.java:77)\n\tat java.base/jdk.internal.reflect.DelegatingMethodAccessorImpl.invoke(DelegatingMethodAccessorImpl.java:43)\n\tat java.base/java.lang.reflect.Method.invoke(Method.java:568)\n\tat org.testng.internal.invokers.MethodInvocationHelper.invokeMethod(MethodInvocationHelper.java:139)\n\tat org.testng.internal.invokers.TestInvoker.invokeMethod(TestInvoker.java:677)\n\tat org.testng.internal.invokers.TestInvoker.invokeTestMethod(TestInvoker.java:221)\n\tat org.testng.internal.invokers.MethodRunner.runInSequence(MethodRunner.java:50)\n\tat org.testng.internal.invokers.TestInvoker$MethodInvocationAgent.invoke(TestInvoker.java:969)\n\tat org.testng.internal.invokers.TestInvoker.invokeTestMethods(TestInvoker.java:194)\n\tat org.testng.internal.invokers.TestMethodWorker.invokeTestMethods(TestMethodWorker.java:148)\n\tat org.testng.internal.invokers.TestMethodWorker.run(TestMethodWorker.java:128)\n\tat java.base/java.util.ArrayList.forEach(ArrayList.java:1511)\n\tat org.testng.TestRunner.privateRun(TestRunner.java:829)\n\tat org.testng.TestRunner.run(TestRunner.java:602)\n\tat org.testng.SuiteRunner.runTest(SuiteRunner.java:437)\n\tat org.testng.SuiteRunner.runSequentially(SuiteRunner.java:431)\n\tat org.testng.SuiteRunner.privateRun(SuiteRunner.java:391)\n\tat org.testng.SuiteRunner.run(SuiteRunner.java:330)\n\tat org.testng.SuiteRunnerWorker.runSuite(SuiteRunnerWorker.java:52)\n\tat org.testng.SuiteRunnerWorker.run(SuiteRunnerWorker.java:95)\n\tat org.testng.TestNG.runSuitesSequentially(TestNG.java:1256)\n\tat org.testng.TestNG.runSuitesLocally(TestNG.java:1176)\n\tat org.testng.TestNG.runSuites(TestNG.java:1099)\n\tat org.testng.TestNG.run(TestNG.java:1067)\n\tat com.intellij.rt.testng.IDEARemoteTestNG.run(IDEARemoteTestNG.java:65)\n\tat com.intellij.rt.testng.RemoteTestNGStarter.main(RemoteTestNGStarter.java:105)\n"},"stage":"finished","steps":[],"attachments":[],"parameters":[],"start":1707694649268,"stop":1707694744677}