{"uid":"7219dbedd7655443","name":"authorizedUserShouldNotBeAbleToCreateNewBuildConfigurationWithoutAName","fullName":"com.example.teamcity.ui.CreateNewBuildConfigurationTest.authorizedUserShouldNotBeAbleToCreateNewBuildConfigurationWithoutAName","historyId":"f25402b8f81448dbff7e95010b7afc06","time":{"start":1747173825429,"stop":1747173829208,"duration":3779},"status":"broken","statusMessage":"No value present","statusTrace":"java.util.NoSuchElementException: No value present\n\tat java.base/java.util.Optional.get(Optional.java:143)\n\tat com.example.teamcity.ui.CreateNewBuildConfigurationTest.authorizedUserShouldNotBeAbleToCreateNewBuildConfigurationWithoutAName(CreateNewBuildConfigurationTest.java:67)\n\tat java.base/jdk.internal.reflect.NativeMethodAccessorImpl.invoke0(Native Method)\n\tat java.base/jdk.internal.reflect.NativeMethodAccessorImpl.invoke(NativeMethodAccessorImpl.java:77)\n\tat java.base/jdk.internal.reflect.DelegatingMethodAccessorImpl.invoke(DelegatingMethodAccessorImpl.java:43)\n\tat java.base/java.lang.reflect.Method.invoke(Method.java:569)\n\tat org.testng.internal.invokers.MethodInvocationHelper.invokeMethod(MethodInvocationHelper.java:139)\n\tat org.testng.internal.invokers.TestInvoker.invokeMethod(TestInvoker.java:677)\n\tat org.testng.internal.invokers.TestInvoker.invokeTestMethod(TestInvoker.java:221)\n\tat org.testng.internal.invokers.MethodRunner.runInSequence(MethodRunner.java:50)\n\tat org.testng.internal.invokers.TestInvoker$MethodInvocationAgent.invoke(TestInvoker.java:969)\n\tat org.testng.internal.invokers.TestInvoker.invokeTestMethods(TestInvoker.java:194)\n\tat org.testng.internal.invokers.TestMethodWorker.invokeTestMethods(TestMethodWorker.java:148)\n\tat org.testng.internal.invokers.TestMethodWorker.run(TestMethodWorker.java:128)\n\tat java.base/java.util.ArrayList.forEach(ArrayList.java:1511)\n\tat org.testng.TestRunner.privateRun(TestRunner.java:829)\n\tat org.testng.TestRunner.run(TestRunner.java:602)\n\tat org.testng.SuiteRunner.runTest(SuiteRunner.java:437)\n\tat org.testng.SuiteRunner.runSequentially(SuiteRunner.java:431)\n\tat org.testng.SuiteRunner.privateRun(SuiteRunner.java:391)\n\tat org.testng.SuiteRunner.run(SuiteRunner.java:330)\n\tat org.testng.SuiteRunnerWorker.runSuite(SuiteRunnerWorker.java:52)\n\tat org.testng.SuiteRunnerWorker.run(SuiteRunnerWorker.java:95)\n\tat org.testng.TestNG.runSuitesSequentially(TestNG.java:1256)\n\tat org.testng.TestNG.runSuitesLocally(TestNG.java:1176)\n\tat org.testng.TestNG.runSuites(TestNG.java:1099)\n\tat org.testng.TestNG.run(TestNG.java:1067)\n\tat org.apache.maven.surefire.testng.TestNGExecutor.run(TestNGExecutor.java:308)\n\tat org.apache.maven.surefire.testng.TestNGXmlTestSuite.execute(TestNGXmlTestSuite.java:71)\n\tat org.apache.maven.surefire.testng.TestNGProvider.invoke(TestNGProvider.java:113)\n\tat org.apache.maven.surefire.booter.ForkedBooter.runSuitesInProcess(ForkedBooter.java:385)\n\tat org.apache.maven.surefire.booter.ForkedBooter.execute(ForkedBooter.java:162)\n\tat org.apache.maven.surefire.booter.ForkedBooter.run(ForkedBooter.java:507)\n\tat org.apache.maven.surefire.booter.ForkedBooter.main(ForkedBooter.java:495)\n","flaky":false,"newFailed":false,"newBroken":false,"newPassed":false,"retriesCount":0,"retriesStatusChange":false,"beforeStages":[{"name":"beforeTest","time":{"start":1747173825421,"stop":1747173825421,"duration":0},"description":"","status":"passed","steps":[],"attachments":[],"parameters":[],"shouldDisplayMessage":false,"stepsCount":0,"attachmentsCount":0,"hasContent":false}],"testStage":{"status":"broken","statusMessage":"No value present","statusTrace":"java.util.NoSuchElementException: No value present\n\tat java.base/java.util.Optional.get(Optional.java:143)\n\tat com.example.teamcity.ui.CreateNewBuildConfigurationTest.authorizedUserShouldNotBeAbleToCreateNewBuildConfigurationWithoutAName(CreateNewBuildConfigurationTest.java:67)\n\tat java.base/jdk.internal.reflect.NativeMethodAccessorImpl.invoke0(Native Method)\n\tat java.base/jdk.internal.reflect.NativeMethodAccessorImpl.invoke(NativeMethodAccessorImpl.java:77)\n\tat java.base/jdk.internal.reflect.DelegatingMethodAccessorImpl.invoke(DelegatingMethodAccessorImpl.java:43)\n\tat java.base/java.lang.reflect.Method.invoke(Method.java:569)\n\tat org.testng.internal.invokers.MethodInvocationHelper.invokeMethod(MethodInvocationHelper.java:139)\n\tat org.testng.internal.invokers.TestInvoker.invokeMethod(TestInvoker.java:677)\n\tat org.testng.internal.invokers.TestInvoker.invokeTestMethod(TestInvoker.java:221)\n\tat org.testng.internal.invokers.MethodRunner.runInSequence(MethodRunner.java:50)\n\tat org.testng.internal.invokers.TestInvoker$MethodInvocationAgent.invoke(TestInvoker.java:969)\n\tat org.testng.internal.invokers.TestInvoker.invokeTestMethods(TestInvoker.java:194)\n\tat org.testng.internal.invokers.TestMethodWorker.invokeTestMethods(TestMethodWorker.java:148)\n\tat org.testng.internal.invokers.TestMethodWorker.run(TestMethodWorker.java:128)\n\tat java.base/java.util.ArrayList.forEach(ArrayList.java:1511)\n\tat org.testng.TestRunner.privateRun(TestRunner.java:829)\n\tat org.testng.TestRunner.run(TestRunner.java:602)\n\tat org.testng.SuiteRunner.runTest(SuiteRunner.java:437)\n\tat org.testng.SuiteRunner.runSequentially(SuiteRunner.java:431)\n\tat org.testng.SuiteRunner.privateRun(SuiteRunner.java:391)\n\tat org.testng.SuiteRunner.run(SuiteRunner.java:330)\n\tat org.testng.SuiteRunnerWorker.runSuite(SuiteRunnerWorker.java:52)\n\tat org.testng.SuiteRunnerWorker.run(SuiteRunnerWorker.java:95)\n\tat org.testng.TestNG.runSuitesSequentially(TestNG.java:1256)\n\tat org.testng.TestNG.runSuitesLocally(TestNG.java:1176)\n\tat org.testng.TestNG.runSuites(TestNG.java:1099)\n\tat org.testng.TestNG.run(TestNG.java:1067)\n\tat org.apache.maven.surefire.testng.TestNGExecutor.run(TestNGExecutor.java:308)\n\tat org.apache.maven.surefire.testng.TestNGXmlTestSuite.execute(TestNGXmlTestSuite.java:71)\n\tat org.apache.maven.surefire.testng.TestNGProvider.invoke(TestNGProvider.java:113)\n\tat org.apache.maven.surefire.booter.ForkedBooter.runSuitesInProcess(ForkedBooter.java:385)\n\tat org.apache.maven.surefire.booter.ForkedBooter.execute(ForkedBooter.java:162)\n\tat org.apache.maven.surefire.booter.ForkedBooter.run(ForkedBooter.java:507)\n\tat org.apache.maven.surefire.booter.ForkedBooter.main(ForkedBooter.java:495)\n","steps":[],"attachments":[{"uid":"592b3c9ccca3b608","name":"Request","source":"592b3c9ccca3b608.html","type":"text/html","size":1438},{"uid":"d81e7c8652af88b9","name":"HTTP/1.1 200 ","source":"d81e7c8652af88b9.html","type":"text/html","size":2150},{"uid":"6fc9fcc3cc85b978","name":"Request","source":"6fc9fcc3cc85b978.html","type":"text/html","size":1306},{"uid":"84b9b8c9ceab7311","name":"HTTP/1.1 200 ","source":"84b9b8c9ceab7311.html","type":"text/html","size":2225}],"parameters":[],"shouldDisplayMessage":true,"stepsCount":0,"attachmentsCount":4,"hasContent":true},"afterStages":[{"name":"afterTest","time":{"start":1747173829211,"stop":1747173829583,"duration":372},"description":"","status":"passed","steps":[],"attachments":[{"uid":"9f1789c469ebfde0","name":"Request","source":"9f1789c469ebfde0.html","type":"text/html","size":557},{"uid":"7ca30fd23e2b5837","name":"HTTP/1.1 404 ","source":"7ca30fd23e2b5837.html","type":"text/html","size":940},{"uid":"f4484390c4f0583","name":"Request","source":"f4484390c4f0583.html","type":"text/html","size":563},{"uid":"54b18538ad2029a4","name":"HTTP/1.1 404 ","source":"54b18538ad2029a4.html","type":"text/html","size":823},{"uid":"7d9ef2eed6579c06","name":"Request","source":"7d9ef2eed6579c06.html","type":"text/html","size":557},{"uid":"60158cc981fb185","name":"HTTP/1.1 404 ","source":"60158cc981fb185.html","type":"text/html","size":940},{"uid":"ef9798e7c9331102","name":"Request","source":"ef9798e7c9331102.html","type":"text/html","size":563},{"uid":"1ad87da1deb977c1","name":"HTTP/1.1 404 ","source":"1ad87da1deb977c1.html","type":"text/html","size":823},{"uid":"ed81a9addacb2379","name":"Request","source":"ed81a9addacb2379.html","type":"text/html","size":557},{"uid":"469ff68c9db93d8d","name":"HTTP/1.1 204 ","source":"469ff68c9db93d8d.html","type":"text/html","size":478},{"uid":"d4577f653375d237","name":"Request","source":"d4577f653375d237.html","type":"text/html","size":563},{"uid":"4a75f7e67cc7a337","name":"HTTP/1.1 204 ","source":"4a75f7e67cc7a337.html","type":"text/html","size":478}],"parameters":[],"shouldDisplayMessage":false,"stepsCount":0,"attachmentsCount":12,"hasContent":true}],"labels":[{"name":"package","value":"com.example.teamcity.ui.CreateNewBuildConfigurationTest"},{"name":"testClass","value":"com.example.teamcity.ui.CreateNewBuildConfigurationTest"},{"name":"testMethod","value":"authorizedUserShouldNotBeAbleToCreateNewBuildConfigurationWithoutAName"},{"name":"parentSuite","value":"UI Suite"},{"name":"suite","value":"UI Test"},{"name":"subSuite","value":"com.example.teamcity.ui.CreateNewBuildConfigurationTest"},{"name":"host","value":"fv-az1781-361"},{"name":"thread","value":"5699@fv-az1781-361.main(1)"},{"name":"framework","value":"testng"},{"name":"language","value":"java"},{"name":"resultFormat","value":"allure2"}],"parameters":[],"links":[],"hidden":false,"retry":false,"extra":{"severity":"normal","retries":[],"categories":[{"name":"Test defects","matchedStatuses":[],"flaky":false}],"history":{"statistic":{"failed":0,"broken":5,"skipped":0,"passed":0,"unknown":0,"total":5},"items":[{"uid":"79692ab95e233c5a","reportUrl":"https://levchenkoin.github.io/Teamcity-Testing-Project/62//#testresult/79692ab95e233c5a","status":"broken","statusDetails":"No value present","time":{"start":1747173435541,"stop":1747173439261,"duration":3720}},{"uid":"410e0d6adbec0015","reportUrl":"https://levchenkoin.github.io/Teamcity-Testing-Project/61//#testresult/410e0d6adbec0015","status":"broken","statusDetails":"No value present","time":{"start":1747173415047,"stop":1747173418649,"duration":3602}},{"uid":"64f8cfd49546f1fe","reportUrl":"https://levchenkoin.github.io/Teamcity-Testing-Project/60//#testresult/64f8cfd49546f1fe","status":"broken","statusDetails":"No value present","time":{"start":1747173101292,"stop":1747173105069,"duration":3777}},{"uid":"a650ad8c1c41b9ca","reportUrl":"https://levchenkoin.github.io/Teamcity-Testing-Project/59//#testresult/a650ad8c1c41b9ca","status":"broken","statusDetails":"No value present","time":{"start":1747172815830,"stop":1747172819969,"duration":4139}}]},"tags":[]},"source":"7219dbedd7655443.json","parameterValues":[]}