{"uid":"1a53fb548f2d910a","name":"authorizedUserShouldNotBeAbleToCreateNewBuildConfigurationWithoutAName","fullName":"com.example.teamcity.ui.CreateNewBuildConfigurationTest.authorizedUserShouldNotBeAbleToCreateNewBuildConfigurationWithoutAName","historyId":"f25402b8f81448dbff7e95010b7afc06","time":{"start":1741884169598,"stop":1741884173289,"duration":3691},"status":"broken","statusMessage":"No value present","statusTrace":"java.util.NoSuchElementException: No value present\n\tat java.base/java.util.Optional.get(Optional.java:143)\n\tat com.example.teamcity.ui.CreateNewBuildConfigurationTest.authorizedUserShouldNotBeAbleToCreateNewBuildConfigurationWithoutAName(CreateNewBuildConfigurationTest.java:67)\n\tat java.base/jdk.internal.reflect.NativeMethodAccessorImpl.invoke0(Native Method)\n\tat java.base/jdk.internal.reflect.NativeMethodAccessorImpl.invoke(NativeMethodAccessorImpl.java:77)\n\tat java.base/jdk.internal.reflect.DelegatingMethodAccessorImpl.invoke(DelegatingMethodAccessorImpl.java:43)\n\tat java.base/java.lang.reflect.Method.invoke(Method.java:569)\n\tat org.testng.internal.invokers.MethodInvocationHelper.invokeMethod(MethodInvocationHelper.java:139)\n\tat org.testng.internal.invokers.TestInvoker.invokeMethod(TestInvoker.java:677)\n\tat org.testng.internal.invokers.TestInvoker.invokeTestMethod(TestInvoker.java:221)\n\tat org.testng.internal.invokers.MethodRunner.runInSequence(MethodRunner.java:50)\n\tat org.testng.internal.invokers.TestInvoker$MethodInvocationAgent.invoke(TestInvoker.java:969)\n\tat org.testng.internal.invokers.TestInvoker.invokeTestMethods(TestInvoker.java:194)\n\tat org.testng.internal.invokers.TestMethodWorker.invokeTestMethods(TestMethodWorker.java:148)\n\tat org.testng.internal.invokers.TestMethodWorker.run(TestMethodWorker.java:128)\n\tat java.base/java.util.ArrayList.forEach(ArrayList.java:1511)\n\tat org.testng.TestRunner.privateRun(TestRunner.java:829)\n\tat org.testng.TestRunner.run(TestRunner.java:602)\n\tat org.testng.SuiteRunner.runTest(SuiteRunner.java:437)\n\tat org.testng.SuiteRunner.runSequentially(SuiteRunner.java:431)\n\tat org.testng.SuiteRunner.privateRun(SuiteRunner.java:391)\n\tat org.testng.SuiteRunner.run(SuiteRunner.java:330)\n\tat org.testng.SuiteRunnerWorker.runSuite(SuiteRunnerWorker.java:52)\n\tat org.testng.SuiteRunnerWorker.run(SuiteRunnerWorker.java:95)\n\tat org.testng.TestNG.runSuitesSequentially(TestNG.java:1256)\n\tat org.testng.TestNG.runSuitesLocally(TestNG.java:1176)\n\tat org.testng.TestNG.runSuites(TestNG.java:1099)\n\tat org.testng.TestNG.run(TestNG.java:1067)\n\tat org.apache.maven.surefire.testng.TestNGExecutor.run(TestNGExecutor.java:308)\n\tat org.apache.maven.surefire.testng.TestNGXmlTestSuite.execute(TestNGXmlTestSuite.java:71)\n\tat org.apache.maven.surefire.testng.TestNGProvider.invoke(TestNGProvider.java:113)\n\tat org.apache.maven.surefire.booter.ForkedBooter.runSuitesInProcess(ForkedBooter.java:385)\n\tat org.apache.maven.surefire.booter.ForkedBooter.execute(ForkedBooter.java:162)\n\tat org.apache.maven.surefire.booter.ForkedBooter.run(ForkedBooter.java:507)\n\tat org.apache.maven.surefire.booter.ForkedBooter.main(ForkedBooter.java:495)\n","flaky":false,"newFailed":false,"newBroken":false,"newPassed":false,"retriesCount":0,"retriesStatusChange":false,"beforeStages":[{"name":"beforeTest","time":{"start":1741884169592,"stop":1741884169592,"duration":0},"description":"","status":"passed","steps":[],"attachments":[],"parameters":[],"shouldDisplayMessage":false,"stepsCount":0,"attachmentsCount":0,"hasContent":false}],"testStage":{"status":"broken","statusMessage":"No value present","statusTrace":"java.util.NoSuchElementException: No value present\n\tat java.base/java.util.Optional.get(Optional.java:143)\n\tat com.example.teamcity.ui.CreateNewBuildConfigurationTest.authorizedUserShouldNotBeAbleToCreateNewBuildConfigurationWithoutAName(CreateNewBuildConfigurationTest.java:67)\n\tat java.base/jdk.internal.reflect.NativeMethodAccessorImpl.invoke0(Native Method)\n\tat java.base/jdk.internal.reflect.NativeMethodAccessorImpl.invoke(NativeMethodAccessorImpl.java:77)\n\tat java.base/jdk.internal.reflect.DelegatingMethodAccessorImpl.invoke(DelegatingMethodAccessorImpl.java:43)\n\tat java.base/java.lang.reflect.Method.invoke(Method.java:569)\n\tat org.testng.internal.invokers.MethodInvocationHelper.invokeMethod(MethodInvocationHelper.java:139)\n\tat org.testng.internal.invokers.TestInvoker.invokeMethod(TestInvoker.java:677)\n\tat org.testng.internal.invokers.TestInvoker.invokeTestMethod(TestInvoker.java:221)\n\tat org.testng.internal.invokers.MethodRunner.runInSequence(MethodRunner.java:50)\n\tat org.testng.internal.invokers.TestInvoker$MethodInvocationAgent.invoke(TestInvoker.java:969)\n\tat org.testng.internal.invokers.TestInvoker.invokeTestMethods(TestInvoker.java:194)\n\tat org.testng.internal.invokers.TestMethodWorker.invokeTestMethods(TestMethodWorker.java:148)\n\tat org.testng.internal.invokers.TestMethodWorker.run(TestMethodWorker.java:128)\n\tat java.base/java.util.ArrayList.forEach(ArrayList.java:1511)\n\tat org.testng.TestRunner.privateRun(TestRunner.java:829)\n\tat org.testng.TestRunner.run(TestRunner.java:602)\n\tat org.testng.SuiteRunner.runTest(SuiteRunner.java:437)\n\tat org.testng.SuiteRunner.runSequentially(SuiteRunner.java:431)\n\tat org.testng.SuiteRunner.privateRun(SuiteRunner.java:391)\n\tat org.testng.SuiteRunner.run(SuiteRunner.java:330)\n\tat org.testng.SuiteRunnerWorker.runSuite(SuiteRunnerWorker.java:52)\n\tat org.testng.SuiteRunnerWorker.run(SuiteRunnerWorker.java:95)\n\tat org.testng.TestNG.runSuitesSequentially(TestNG.java:1256)\n\tat org.testng.TestNG.runSuitesLocally(TestNG.java:1176)\n\tat org.testng.TestNG.runSuites(TestNG.java:1099)\n\tat org.testng.TestNG.run(TestNG.java:1067)\n\tat org.apache.maven.surefire.testng.TestNGExecutor.run(TestNGExecutor.java:308)\n\tat org.apache.maven.surefire.testng.TestNGXmlTestSuite.execute(TestNGXmlTestSuite.java:71)\n\tat org.apache.maven.surefire.testng.TestNGProvider.invoke(TestNGProvider.java:113)\n\tat org.apache.maven.surefire.booter.ForkedBooter.runSuitesInProcess(ForkedBooter.java:385)\n\tat org.apache.maven.surefire.booter.ForkedBooter.execute(ForkedBooter.java:162)\n\tat org.apache.maven.surefire.booter.ForkedBooter.run(ForkedBooter.java:507)\n\tat org.apache.maven.surefire.booter.ForkedBooter.main(ForkedBooter.java:495)\n","steps":[],"attachments":[{"uid":"e2b31c8076ea94f4","name":"Request","source":"e2b31c8076ea94f4.html","type":"text/html","size":1438},{"uid":"ddfcc67777b256f9","name":"HTTP/1.1 200 ","source":"ddfcc67777b256f9.html","type":"text/html","size":2150},{"uid":"fc2d22606819ee28","name":"Request","source":"fc2d22606819ee28.html","type":"text/html","size":1306},{"uid":"822ff026bf99b1da","name":"HTTP/1.1 200 ","source":"822ff026bf99b1da.html","type":"text/html","size":2225}],"parameters":[],"shouldDisplayMessage":true,"stepsCount":0,"attachmentsCount":4,"hasContent":true},"afterStages":[{"name":"afterTest","time":{"start":1741884173291,"stop":1741884173636,"duration":345},"description":"","status":"passed","steps":[],"attachments":[{"uid":"20ece89362922de0","name":"Request","source":"20ece89362922de0.html","type":"text/html","size":557},{"uid":"bcd62754f753dd78","name":"HTTP/1.1 404 ","source":"bcd62754f753dd78.html","type":"text/html","size":940},{"uid":"ed1d55c353c8de2f","name":"Request","source":"ed1d55c353c8de2f.html","type":"text/html","size":563},{"uid":"7fed8c25507e2698","name":"HTTP/1.1 404 ","source":"7fed8c25507e2698.html","type":"text/html","size":823},{"uid":"4edf142edb38ec4c","name":"Request","source":"4edf142edb38ec4c.html","type":"text/html","size":557},{"uid":"e283db68c01b1b9d","name":"HTTP/1.1 404 ","source":"e283db68c01b1b9d.html","type":"text/html","size":940},{"uid":"34f311e85a296e05","name":"Request","source":"34f311e85a296e05.html","type":"text/html","size":563},{"uid":"23887a567fdad9d3","name":"HTTP/1.1 404 ","source":"23887a567fdad9d3.html","type":"text/html","size":823},{"uid":"2905c49a15eac32d","name":"Request","source":"2905c49a15eac32d.html","type":"text/html","size":557},{"uid":"8cd3b42dd14eb98c","name":"HTTP/1.1 204 ","source":"8cd3b42dd14eb98c.html","type":"text/html","size":478},{"uid":"d953261b4a595a28","name":"Request","source":"d953261b4a595a28.html","type":"text/html","size":563},{"uid":"dc02c2c88d3d0a10","name":"HTTP/1.1 204 ","source":"dc02c2c88d3d0a10.html","type":"text/html","size":478}],"parameters":[],"shouldDisplayMessage":false,"stepsCount":0,"attachmentsCount":12,"hasContent":true}],"labels":[{"name":"package","value":"com.example.teamcity.ui.CreateNewBuildConfigurationTest"},{"name":"testClass","value":"com.example.teamcity.ui.CreateNewBuildConfigurationTest"},{"name":"testMethod","value":"authorizedUserShouldNotBeAbleToCreateNewBuildConfigurationWithoutAName"},{"name":"parentSuite","value":"UI Suite"},{"name":"suite","value":"UI Test"},{"name":"subSuite","value":"com.example.teamcity.ui.CreateNewBuildConfigurationTest"},{"name":"host","value":"fv-az1316-25"},{"name":"thread","value":"5637@fv-az1316-25.main(1)"},{"name":"framework","value":"testng"},{"name":"language","value":"java"},{"name":"resultFormat","value":"allure2"}],"parameters":[],"links":[],"hidden":false,"retry":false,"extra":{"severity":"normal","retries":[],"categories":[{"name":"Test defects","matchedStatuses":[],"flaky":false}],"history":{"statistic":{"failed":0,"broken":2,"skipped":0,"passed":0,"unknown":0,"total":2},"items":[{"uid":"a342a6361f4b8733","reportUrl":"https://levchenkoin.github.io/Teamcity-Testing-Project/51//#testresult/a342a6361f4b8733","status":"broken","statusDetails":"No value present","time":{"start":1741714169958,"stop":1741714173602,"duration":3644}}]},"tags":[]},"source":"1a53fb548f2d910a.json","parameterValues":[]}