{"uid":"64f8cfd49546f1fe","name":"authorizedUserShouldNotBeAbleToCreateNewBuildConfigurationWithoutAName","fullName":"com.example.teamcity.ui.CreateNewBuildConfigurationTest.authorizedUserShouldNotBeAbleToCreateNewBuildConfigurationWithoutAName","historyId":"f25402b8f81448dbff7e95010b7afc06","time":{"start":1747173101292,"stop":1747173105069,"duration":3777},"status":"broken","statusMessage":"No value present","statusTrace":"java.util.NoSuchElementException: No value present\n\tat java.base/java.util.Optional.get(Optional.java:143)\n\tat com.example.teamcity.ui.CreateNewBuildConfigurationTest.authorizedUserShouldNotBeAbleToCreateNewBuildConfigurationWithoutAName(CreateNewBuildConfigurationTest.java:67)\n\tat java.base/jdk.internal.reflect.NativeMethodAccessorImpl.invoke0(Native Method)\n\tat java.base/jdk.internal.reflect.NativeMethodAccessorImpl.invoke(NativeMethodAccessorImpl.java:77)\n\tat java.base/jdk.internal.reflect.DelegatingMethodAccessorImpl.invoke(DelegatingMethodAccessorImpl.java:43)\n\tat java.base/java.lang.reflect.Method.invoke(Method.java:569)\n\tat org.testng.internal.invokers.MethodInvocationHelper.invokeMethod(MethodInvocationHelper.java:139)\n\tat org.testng.internal.invokers.TestInvoker.invokeMethod(TestInvoker.java:677)\n\tat org.testng.internal.invokers.TestInvoker.invokeTestMethod(TestInvoker.java:221)\n\tat org.testng.internal.invokers.MethodRunner.runInSequence(MethodRunner.java:50)\n\tat org.testng.internal.invokers.TestInvoker$MethodInvocationAgent.invoke(TestInvoker.java:969)\n\tat org.testng.internal.invokers.TestInvoker.invokeTestMethods(TestInvoker.java:194)\n\tat org.testng.internal.invokers.TestMethodWorker.invokeTestMethods(TestMethodWorker.java:148)\n\tat org.testng.internal.invokers.TestMethodWorker.run(TestMethodWorker.java:128)\n\tat java.base/java.util.ArrayList.forEach(ArrayList.java:1511)\n\tat org.testng.TestRunner.privateRun(TestRunner.java:829)\n\tat org.testng.TestRunner.run(TestRunner.java:602)\n\tat org.testng.SuiteRunner.runTest(SuiteRunner.java:437)\n\tat org.testng.SuiteRunner.runSequentially(SuiteRunner.java:431)\n\tat org.testng.SuiteRunner.privateRun(SuiteRunner.java:391)\n\tat org.testng.SuiteRunner.run(SuiteRunner.java:330)\n\tat org.testng.SuiteRunnerWorker.runSuite(SuiteRunnerWorker.java:52)\n\tat org.testng.SuiteRunnerWorker.run(SuiteRunnerWorker.java:95)\n\tat org.testng.TestNG.runSuitesSequentially(TestNG.java:1256)\n\tat org.testng.TestNG.runSuitesLocally(TestNG.java:1176)\n\tat org.testng.TestNG.runSuites(TestNG.java:1099)\n\tat org.testng.TestNG.run(TestNG.java:1067)\n\tat org.apache.maven.surefire.testng.TestNGExecutor.run(TestNGExecutor.java:308)\n\tat org.apache.maven.surefire.testng.TestNGXmlTestSuite.execute(TestNGXmlTestSuite.java:71)\n\tat org.apache.maven.surefire.testng.TestNGProvider.invoke(TestNGProvider.java:113)\n\tat org.apache.maven.surefire.booter.ForkedBooter.runSuitesInProcess(ForkedBooter.java:385)\n\tat org.apache.maven.surefire.booter.ForkedBooter.execute(ForkedBooter.java:162)\n\tat org.apache.maven.surefire.booter.ForkedBooter.run(ForkedBooter.java:507)\n\tat org.apache.maven.surefire.booter.ForkedBooter.main(ForkedBooter.java:495)\n","flaky":false,"newFailed":false,"newBroken":false,"newPassed":false,"retriesCount":0,"retriesStatusChange":false,"beforeStages":[{"name":"beforeTest","time":{"start":1747173101288,"stop":1747173101290,"duration":2},"description":"","status":"passed","steps":[],"attachments":[],"parameters":[],"shouldDisplayMessage":false,"stepsCount":0,"attachmentsCount":0,"hasContent":false}],"testStage":{"status":"broken","statusMessage":"No value present","statusTrace":"java.util.NoSuchElementException: No value present\n\tat java.base/java.util.Optional.get(Optional.java:143)\n\tat com.example.teamcity.ui.CreateNewBuildConfigurationTest.authorizedUserShouldNotBeAbleToCreateNewBuildConfigurationWithoutAName(CreateNewBuildConfigurationTest.java:67)\n\tat java.base/jdk.internal.reflect.NativeMethodAccessorImpl.invoke0(Native Method)\n\tat java.base/jdk.internal.reflect.NativeMethodAccessorImpl.invoke(NativeMethodAccessorImpl.java:77)\n\tat java.base/jdk.internal.reflect.DelegatingMethodAccessorImpl.invoke(DelegatingMethodAccessorImpl.java:43)\n\tat java.base/java.lang.reflect.Method.invoke(Method.java:569)\n\tat org.testng.internal.invokers.MethodInvocationHelper.invokeMethod(MethodInvocationHelper.java:139)\n\tat org.testng.internal.invokers.TestInvoker.invokeMethod(TestInvoker.java:677)\n\tat org.testng.internal.invokers.TestInvoker.invokeTestMethod(TestInvoker.java:221)\n\tat org.testng.internal.invokers.MethodRunner.runInSequence(MethodRunner.java:50)\n\tat org.testng.internal.invokers.TestInvoker$MethodInvocationAgent.invoke(TestInvoker.java:969)\n\tat org.testng.internal.invokers.TestInvoker.invokeTestMethods(TestInvoker.java:194)\n\tat org.testng.internal.invokers.TestMethodWorker.invokeTestMethods(TestMethodWorker.java:148)\n\tat org.testng.internal.invokers.TestMethodWorker.run(TestMethodWorker.java:128)\n\tat java.base/java.util.ArrayList.forEach(ArrayList.java:1511)\n\tat org.testng.TestRunner.privateRun(TestRunner.java:829)\n\tat org.testng.TestRunner.run(TestRunner.java:602)\n\tat org.testng.SuiteRunner.runTest(SuiteRunner.java:437)\n\tat org.testng.SuiteRunner.runSequentially(SuiteRunner.java:431)\n\tat org.testng.SuiteRunner.privateRun(SuiteRunner.java:391)\n\tat org.testng.SuiteRunner.run(SuiteRunner.java:330)\n\tat org.testng.SuiteRunnerWorker.runSuite(SuiteRunnerWorker.java:52)\n\tat org.testng.SuiteRunnerWorker.run(SuiteRunnerWorker.java:95)\n\tat org.testng.TestNG.runSuitesSequentially(TestNG.java:1256)\n\tat org.testng.TestNG.runSuitesLocally(TestNG.java:1176)\n\tat org.testng.TestNG.runSuites(TestNG.java:1099)\n\tat org.testng.TestNG.run(TestNG.java:1067)\n\tat org.apache.maven.surefire.testng.TestNGExecutor.run(TestNGExecutor.java:308)\n\tat org.apache.maven.surefire.testng.TestNGXmlTestSuite.execute(TestNGXmlTestSuite.java:71)\n\tat org.apache.maven.surefire.testng.TestNGProvider.invoke(TestNGProvider.java:113)\n\tat org.apache.maven.surefire.booter.ForkedBooter.runSuitesInProcess(ForkedBooter.java:385)\n\tat org.apache.maven.surefire.booter.ForkedBooter.execute(ForkedBooter.java:162)\n\tat org.apache.maven.surefire.booter.ForkedBooter.run(ForkedBooter.java:507)\n\tat org.apache.maven.surefire.booter.ForkedBooter.main(ForkedBooter.java:495)\n","steps":[],"attachments":[{"uid":"b430ff9489a7b1d3","name":"Request","source":"b430ff9489a7b1d3.html","type":"text/html","size":1438},{"uid":"8eef782782717bb1","name":"HTTP/1.1 200 ","source":"8eef782782717bb1.html","type":"text/html","size":2150},{"uid":"2b7bfebcc95d94d8","name":"Request","source":"2b7bfebcc95d94d8.html","type":"text/html","size":1306},{"uid":"ef4c056bab54cf3b","name":"HTTP/1.1 200 ","source":"ef4c056bab54cf3b.html","type":"text/html","size":2225}],"parameters":[],"shouldDisplayMessage":true,"stepsCount":0,"attachmentsCount":4,"hasContent":true},"afterStages":[{"name":"afterTest","time":{"start":1747173105076,"stop":1747173105410,"duration":334},"description":"","status":"passed","steps":[],"attachments":[{"uid":"d98f93ad0a73d2ec","name":"Request","source":"d98f93ad0a73d2ec.html","type":"text/html","size":557},{"uid":"9a19a4f560288039","name":"HTTP/1.1 404 ","source":"9a19a4f560288039.html","type":"text/html","size":940},{"uid":"d92fc36d38a700a0","name":"Request","source":"d92fc36d38a700a0.html","type":"text/html","size":563},{"uid":"9420c225ddf10da5","name":"HTTP/1.1 404 ","source":"9420c225ddf10da5.html","type":"text/html","size":823},{"uid":"4c90cfef2c5966d","name":"Request","source":"4c90cfef2c5966d.html","type":"text/html","size":557},{"uid":"40f3ac8db5c4be04","name":"HTTP/1.1 404 ","source":"40f3ac8db5c4be04.html","type":"text/html","size":940},{"uid":"c2fd4ae9a4bb5cff","name":"Request","source":"c2fd4ae9a4bb5cff.html","type":"text/html","size":563},{"uid":"4933e99b11af169c","name":"HTTP/1.1 404 ","source":"4933e99b11af169c.html","type":"text/html","size":823},{"uid":"11a05fcdc841199f","name":"Request","source":"11a05fcdc841199f.html","type":"text/html","size":557},{"uid":"f1d313db09408d0e","name":"HTTP/1.1 204 ","source":"f1d313db09408d0e.html","type":"text/html","size":478},{"uid":"f35b2e2658c06aba","name":"Request","source":"f35b2e2658c06aba.html","type":"text/html","size":563},{"uid":"b96ed01c85673fa5","name":"HTTP/1.1 204 ","source":"b96ed01c85673fa5.html","type":"text/html","size":478}],"parameters":[],"shouldDisplayMessage":false,"stepsCount":0,"attachmentsCount":12,"hasContent":true}],"labels":[{"name":"package","value":"com.example.teamcity.ui.CreateNewBuildConfigurationTest"},{"name":"testClass","value":"com.example.teamcity.ui.CreateNewBuildConfigurationTest"},{"name":"testMethod","value":"authorizedUserShouldNotBeAbleToCreateNewBuildConfigurationWithoutAName"},{"name":"parentSuite","value":"UI Suite"},{"name":"suite","value":"UI Test"},{"name":"subSuite","value":"com.example.teamcity.ui.CreateNewBuildConfigurationTest"},{"name":"host","value":"fv-az2246-850"},{"name":"thread","value":"5715@fv-az2246-850.main(1)"},{"name":"framework","value":"testng"},{"name":"language","value":"java"},{"name":"resultFormat","value":"allure2"}],"parameters":[],"links":[],"hidden":false,"retry":false,"extra":{"severity":"normal","retries":[],"categories":[{"name":"Test defects","matchedStatuses":[],"flaky":false}],"history":{"statistic":{"failed":0,"broken":2,"skipped":0,"passed":0,"unknown":0,"total":2},"items":[{"uid":"a650ad8c1c41b9ca","reportUrl":"https://levchenkoin.github.io/Teamcity-Testing-Project/59//#testresult/a650ad8c1c41b9ca","status":"broken","statusDetails":"No value present","time":{"start":1747172815830,"stop":1747172819969,"duration":4139}}]},"tags":[]},"source":"64f8cfd49546f1fe.json","parameterValues":[]}